<?xml version="1.0" encoding="UTF-8"?>
<testsuites>
  <testsuite name="C:\Users\Youcef\Documents\Projet Khellil Youcef\edugest-dz\edugestdz\backend\phpunit.xml" tests="316" assertions="817" errors="7" failures="5" skipped="0" time="25.744390">
    <testsuite name="Unit" tests="37" assertions="61" errors="5" failures="0" skipped="0" time="3.077940">
      <testsuite name="Tests\Unit\ExampleTest" file="C:\Users\Youcef\Documents\Projet Khellil Youcef\edugest-dz\edugestdz\backend\tests\Unit\ExampleTest.php" tests="1" assertions="1" errors="0" failures="0" skipped="0" time="0.006443">
        <testcase name="test_that_true_is_true" file="C:\Users\Youcef\Documents\Projet Khellil Youcef\edugest-dz\edugestdz\backend\tests\Unit\ExampleTest.php" line="12" class="Tests\Unit\ExampleTest" classname="Tests.Unit.ExampleTest" assertions="1" time="0.006443"/>
      </testsuite>
      <testsuite name="Tests\Unit\Services\IRGCalculatorTest" file="C:\Users\Youcef\Documents\Projet Khellil Youcef\edugest-dz\edugestdz\backend\tests\Unit\Services\IRGCalculatorTest.php" tests="5" assertions="10" errors="0" failures="0" skipped="0" time="0.588231">
        <testcase name="test_smig_exonere_irg" file="C:\Users\Youcef\Documents\Projet Khellil Youcef\edugest-dz\edugestdz\backend\tests\Unit\Services\IRGCalculatorTest.php" line="17" class="Tests\Unit\Services\IRGCalculatorTest" classname="Tests.Unit.Services.IRGCalculatorTest" assertions="3" time="0.381558"/>
        <testcase name="test_tranche_23_pourcent" file="C:\Users\Youcef\Documents\Projet Khellil Youcef\edugest-dz\edugestdz\backend\tests\Unit\Services\IRGCalculatorTest.php" line="24" class="Tests\Unit\Services\IRGCalculatorTest" classname="Tests.Unit.Services.IRGCalculatorTest" assertions="1" time="0.052057"/>
        <testcase name="test_tranche_27_pourcent" file="C:\Users\Youcef\Documents\Projet Khellil Youcef\edugest-dz\edugestdz\backend\tests\Unit\Services\IRGCalculatorTest.php" line="31" class="Tests\Unit\Services\IRGCalculatorTest" classname="Tests.Unit.Services.IRGCalculatorTest" assertions="1" time="0.051262"/>
        <testcase name="test_haute_tranche_35_pourcent" file="C:\Users\Youcef\Documents\Projet Khellil Youcef\edugest-dz\edugestdz\backend\tests\Unit\Services\IRGCalculatorTest.php" line="38" class="Tests\Unit\Services\IRGCalculatorTest" classname="Tests.Unit.Services.IRGCalculatorTest" assertions="1" time="0.049142"/>
        <testcase name="test_irg_jamais_negatif" file="C:\Users\Youcef\Documents\Projet Khellil Youcef\edugest-dz\edugestdz\backend\tests\Unit\Services\IRGCalculatorTest.php" line="45" class="Tests\Unit\Services\IRGCalculatorTest" classname="Tests.Unit.Services.IRGCalculatorTest" assertions="4" time="0.054212"/>
      </testsuite>
      <testsuite name="Tests\Unit\Services\MatchingServiceTest" file="C:\Users\Youcef\Documents\Projet Khellil Youcef\edugest-dz\edugestdz\backend\tests\Unit\Services\MatchingServiceTest.php" tests="5" assertions="0" errors="5" failures="0" skipped="0" time="0.975307">
        <testcase name="test_calculate_score_perfect_match" file="C:\Users\Youcef\Documents\Projet Khellil Youcef\edugest-dz\edugestdz\backend\tests\Unit\Services\MatchingServiceTest.php" line="28" class="Tests\Unit\Services\MatchingServiceTest" classname="Tests.Unit.Services.MatchingServiceTest" assertions="0" time="0.711125">
          <error type="Illuminate\Database\QueryException">Tests\Unit\Services\MatchingServiceTest::test_calculate_score_perfect_match&#13;
Illuminate\Database\QueryException: SQLSTATE[23000]: Integrity constraint violation: 19 NOT NULL constraint failed: inscriptions.id (Connection: sqlite, SQL: insert into "inscriptions" ("annee_scolaire", "date_inscription", "eleve_id", "groupe_id", "statut", "tenant_id") values (2026/2027, 2026-07-02 13:50:59, ad96b512-56c1-4394-9806-53abf2eda719, 237daf5a-f47a-42b6-8053-fc3f530c629f, validée, 54bb15a6-57c9-451a-af0b-9ab5a984c132))
&#13;
C:\Users\Youcef\Documents\Projet Khellil Youcef\edugest-dz\edugestdz\backend\vendor\laravel\framework\src\Illuminate\Database\Connection.php:825
C:\Users\Youcef\Documents\Projet Khellil Youcef\edugest-dz\edugestdz\backend\vendor\laravel\framework\src\Illuminate\Database\Connection.php:779
C:\Users\Youcef\Documents\Projet Khellil Youcef\edugest-dz\edugestdz\backend\vendor\laravel\framework\src\Illuminate\Database\Connection.php:560
C:\Users\Youcef\Documents\Projet Khellil Youcef\edugest-dz\edugestdz\backend\vendor\laravel\framework\src\Illuminate\Database\Connection.php:524
C:\Users\Youcef\Documents\Projet Khellil Youcef\edugest-dz\edugestdz\backend\vendor\laravel\framework\src\Illuminate\Database\Query\Builder.php:3717
C:\Users\Youcef\Documents\Projet Khellil Youcef\edugest-dz\edugestdz\backend\vendor\laravel\framework\src\Illuminate\Database\Eloquent\Relations\Concerns\InteractsWithPivotTable.php:276
C:\Users\Youcef\Documents\Projet Khellil Youcef\edugest-dz\edugestdz\backend\tests\Unit\Services\MatchingServiceTest.php:45</error>
        </testcase>
        <testcase name="test_calculate_score_no_match" file="C:\Users\Youcef\Documents\Projet Khellil Youcef\edugest-dz\edugestdz\backend\tests\Unit\Services\MatchingServiceTest.php" line="71" class="Tests\Unit\Services\MatchingServiceTest" classname="Tests.Unit.Services.MatchingServiceTest" assertions="0" time="0.068054">
          <error type="Illuminate\Database\QueryException">Tests\Unit\Services\MatchingServiceTest::test_calculate_score_no_match&#13;
Illuminate\Database\QueryException: SQLSTATE[23000]: Integrity constraint violation: 19 NOT NULL constraint failed: inscriptions.id (Connection: sqlite, SQL: insert into "inscriptions" ("annee_scolaire", "date_inscription", "eleve_id", "groupe_id", "statut", "tenant_id") values (2026/2027, 2026-07-02 13:50:59, 6c1818fa-2524-4618-84d2-5b34f55c07f6, 82c59765-bbae-4940-9924-26f6a8f0ad1b, validée, 978257a0-3ff7-4453-834e-16327b9dda8c))
&#13;
C:\Users\Youcef\Documents\Projet Khellil Youcef\edugest-dz\edugestdz\backend\vendor\laravel\framework\src\Illuminate\Database\Connection.php:825
C:\Users\Youcef\Documents\Projet Khellil Youcef\edugest-dz\edugestdz\backend\vendor\laravel\framework\src\Illuminate\Database\Connection.php:779
C:\Users\Youcef\Documents\Projet Khellil Youcef\edugest-dz\edugestdz\backend\vendor\laravel\framework\src\Illuminate\Database\Connection.php:560
C:\Users\Youcef\Documents\Projet Khellil Youcef\edugest-dz\edugestdz\backend\vendor\laravel\framework\src\Illuminate\Database\Connection.php:524
C:\Users\Youcef\Documents\Projet Khellil Youcef\edugest-dz\edugestdz\backend\vendor\laravel\framework\src\Illuminate\Database\Query\Builder.php:3717
C:\Users\Youcef\Documents\Projet Khellil Youcef\edugest-dz\edugestdz\backend\vendor\laravel\framework\src\Illuminate\Database\Eloquent\Relations\Concerns\InteractsWithPivotTable.php:276
C:\Users\Youcef\Documents\Projet Khellil Youcef\edugest-dz\edugestdz\backend\tests\Unit\Services\MatchingServiceTest.php:88</error>
        </testcase>
        <testcase name="test_calculate_score_partial" file="C:\Users\Youcef\Documents\Projet Khellil Youcef\edugest-dz\edugestdz\backend\tests\Unit\Services\MatchingServiceTest.php" line="112" class="Tests\Unit\Services\MatchingServiceTest" classname="Tests.Unit.Services.MatchingServiceTest" assertions="0" time="0.060995">
          <error type="Illuminate\Database\QueryException">Tests\Unit\Services\MatchingServiceTest::test_calculate_score_partial&#13;
Illuminate\Database\QueryException: SQLSTATE[23000]: Integrity constraint violation: 19 NOT NULL constraint failed: inscriptions.id (Connection: sqlite, SQL: insert into "inscriptions" ("annee_scolaire", "date_inscription", "eleve_id", "groupe_id", "statut", "tenant_id") values (2026/2027, 2026-07-02 13:50:59, dc409655-bb28-4329-be07-cc9a4f0df8aa, 3841484d-4e0e-4794-a5ba-1ab63b294b92, validée, e601eaf8-fc33-45e3-b71c-c322791f7df9))
&#13;
C:\Users\Youcef\Documents\Projet Khellil Youcef\edugest-dz\edugestdz\backend\vendor\laravel\framework\src\Illuminate\Database\Connection.php:825
C:\Users\Youcef\Documents\Projet Khellil Youcef\edugest-dz\edugestdz\backend\vendor\laravel\framework\src\Illuminate\Database\Connection.php:779
C:\Users\Youcef\Documents\Projet Khellil Youcef\edugest-dz\edugestdz\backend\vendor\laravel\framework\src\Illuminate\Database\Connection.php:560
C:\Users\Youcef\Documents\Projet Khellil Youcef\edugest-dz\edugestdz\backend\vendor\laravel\framework\src\Illuminate\Database\Connection.php:524
C:\Users\Youcef\Documents\Projet Khellil Youcef\edugest-dz\edugestdz\backend\vendor\laravel\framework\src\Illuminate\Database\Query\Builder.php:3717
C:\Users\Youcef\Documents\Projet Khellil Youcef\edugest-dz\edugestdz\backend\vendor\laravel\framework\src\Illuminate\Database\Eloquent\Relations\Concerns\InteractsWithPivotTable.php:276
C:\Users\Youcef\Documents\Projet Khellil Youcef\edugest-dz\edugestdz\backend\tests\Unit\Services\MatchingServiceTest.php:129</error>
        </testcase>
        <testcase name="test_suggestions_returns_top_n" file="C:\Users\Youcef\Documents\Projet Khellil Youcef\edugest-dz\edugestdz\backend\tests\Unit\Services\MatchingServiceTest.php" line="154" class="Tests\Unit\Services\MatchingServiceTest" classname="Tests.Unit.Services.MatchingServiceTest" assertions="0" time="0.071770">
          <error type="Illuminate\Database\QueryException">Tests\Unit\Services\MatchingServiceTest::test_suggestions_returns_top_n&#13;
Illuminate\Database\QueryException: SQLSTATE[23000]: Integrity constraint violation: 19 NOT NULL constraint failed: inscriptions.id (Connection: sqlite, SQL: insert into "inscriptions" ("annee_scolaire", "date_inscription", "eleve_id", "groupe_id", "statut", "tenant_id") values (2026/2027, 2026-07-02 13:50:59, b8282bfd-d997-4d5a-8fdd-9043b0e78f23, f40d6209-1b35-4115-8213-0ebfa8f6284e, validée, f9ef332f-b416-4141-a3dd-e78785224a4e))
&#13;
C:\Users\Youcef\Documents\Projet Khellil Youcef\edugest-dz\edugestdz\backend\vendor\laravel\framework\src\Illuminate\Database\Connection.php:825
C:\Users\Youcef\Documents\Projet Khellil Youcef\edugest-dz\edugestdz\backend\vendor\laravel\framework\src\Illuminate\Database\Connection.php:779
C:\Users\Youcef\Documents\Projet Khellil Youcef\edugest-dz\edugestdz\backend\vendor\laravel\framework\src\Illuminate\Database\Connection.php:560
C:\Users\Youcef\Documents\Projet Khellil Youcef\edugest-dz\edugestdz\backend\vendor\laravel\framework\src\Illuminate\Database\Connection.php:524
C:\Users\Youcef\Documents\Projet Khellil Youcef\edugest-dz\edugestdz\backend\vendor\laravel\framework\src\Illuminate\Database\Query\Builder.php:3717
C:\Users\Youcef\Documents\Projet Khellil Youcef\edugest-dz\edugestdz\backend\vendor\laravel\framework\src\Illuminate\Database\Eloquent\Relations\Concerns\InteractsWithPivotTable.php:276
C:\Users\Youcef\Documents\Projet Khellil Youcef\edugest-dz\edugestdz\backend\tests\Unit\Services\MatchingServiceTest.php:170</error>
        </testcase>
        <testcase name="test_raisons_are_generated" file="C:\Users\Youcef\Documents\Projet Khellil Youcef\edugest-dz\edugestdz\backend\tests\Unit\Services\MatchingServiceTest.php" line="195" class="Tests\Unit\Services\MatchingServiceTest" classname="Tests.Unit.Services.MatchingServiceTest" assertions="0" time="0.063364">
          <error type="Illuminate\Database\QueryException">Tests\Unit\Services\MatchingServiceTest::test_raisons_are_generated&#13;
Illuminate\Database\QueryException: SQLSTATE[23000]: Integrity constraint violation: 19 NOT NULL constraint failed: inscriptions.id (Connection: sqlite, SQL: insert into "inscriptions" ("annee_scolaire", "date_inscription", "eleve_id", "groupe_id", "statut", "tenant_id") values (2026/2027, 2026-07-02 13:50:59, b7ae60a0-b3f9-4df3-80e0-e2577045b8ca, 28534d87-e3ea-4b2a-9dcd-b5f5940c28d4, validée, a2ef53d8-f1ef-4298-8932-07b9d9b452b5))
&#13;
C:\Users\Youcef\Documents\Projet Khellil Youcef\edugest-dz\edugestdz\backend\vendor\laravel\framework\src\Illuminate\Database\Connection.php:825
C:\Users\Youcef\Documents\Projet Khellil Youcef\edugest-dz\edugestdz\backend\vendor\laravel\framework\src\Illuminate\Database\Connection.php:779
C:\Users\Youcef\Documents\Projet Khellil Youcef\edugest-dz\edugestdz\backend\vendor\laravel\framework\src\Illuminate\Database\Connection.php:560
C:\Users\Youcef\Documents\Projet Khellil Youcef\edugest-dz\edugestdz\backend\vendor\laravel\framework\src\Illuminate\Database\Connection.php:524
C:\Users\Youcef\Documents\Projet Khellil Youcef\edugest-dz\edugestdz\backend\vendor\laravel\framework\src\Illuminate\Database\Query\Builder.php:3717
C:\Users\Youcef\Documents\Projet Khellil Youcef\edugest-dz\edugestdz\backend\vendor\laravel\framework\src\Illuminate\Database\Eloquent\Relations\Concerns\InteractsWithPivotTable.php:276
C:\Users\Youcef\Documents\Projet Khellil Youcef\edugest-dz\edugestdz\backend\tests\Unit\Services\MatchingServiceTest.php:211</error>
        </testcase>
      </testsuite>
      <testsuite name="Tests\Unit\Services\PaieServiceTest" file="C:\Users\Youcef\Documents\Projet Khellil Youcef\edugest-dz\edugestdz\backend\tests\Unit\Services\PaieServiceTest.php" tests="7" assertions="15" errors="0" failures="0" skipped="0" time="0.423362">
        <testcase name="test_calcul_irg_exoneration_smig" file="C:\Users\Youcef\Documents\Projet Khellil Youcef\edugest-dz\edugestdz\backend\tests\Unit\Services\PaieServiceTest.php" line="25" class="Tests\Unit\Services\PaieServiceTest" classname="Tests.Unit.Services.PaieServiceTest" assertions="3" time="0.052836"/>
        <testcase name="test_calcul_irg_tranche_23_pourcent" file="C:\Users\Youcef\Documents\Projet Khellil Youcef\edugest-dz\edugestdz\backend\tests\Unit\Services\PaieServiceTest.php" line="32" class="Tests\Unit\Services\PaieServiceTest" classname="Tests.Unit.Services.PaieServiceTest" assertions="1" time="0.051716"/>
        <testcase name="test_calcul_irg_tranche_27_pourcent" file="C:\Users\Youcef\Documents\Projet Khellil Youcef\edugest-dz\edugestdz\backend\tests\Unit\Services\PaieServiceTest.php" line="38" class="Tests\Unit\Services\PaieServiceTest" classname="Tests.Unit.Services.PaieServiceTest" assertions="1" time="0.057391"/>
        <testcase name="test_calcul_irg_tranche_35_pourcent" file="C:\Users\Youcef\Documents\Projet Khellil Youcef\edugest-dz\edugestdz\backend\tests\Unit\Services\PaieServiceTest.php" line="44" class="Tests\Unit\Services\PaieServiceTest" classname="Tests.Unit.Services.PaieServiceTest" assertions="1" time="0.056293"/>
        <testcase name="test_calcul_paie_vacataire" file="C:\Users\Youcef\Documents\Projet Khellil Youcef\edugest-dz\edugestdz\backend\tests\Unit\Services\PaieServiceTest.php" line="50" class="Tests\Unit\Services\PaieServiceTest" classname="Tests.Unit.Services.PaieServiceTest" assertions="6" time="0.078687"/>
        <testcase name="test_calcul_paie_sans_seances" file="C:\Users\Youcef\Documents\Projet Khellil Youcef\edugest-dz\edugestdz\backend\tests\Unit\Services\PaieServiceTest.php" line="85" class="Tests\Unit\Services\PaieServiceTest" classname="Tests.Unit.Services.PaieServiceTest" assertions="2" time="0.056820"/>
        <testcase name="test_calcul_heures_mensuelles" file="C:\Users\Youcef\Documents\Projet Khellil Youcef\edugest-dz\edugestdz\backend\tests\Unit\Services\PaieServiceTest.php" line="98" class="Tests\Unit\Services\PaieServiceTest" classname="Tests.Unit.Services.PaieServiceTest" assertions="1" time="0.069620"/>
      </testsuite>
      <testsuite name="Tests\Unit\Services\TwilioSmsServiceTest" file="C:\Users\Youcef\Documents\Projet Khellil Youcef\edugest-dz\edugestdz\backend\tests\Unit\Services\TwilioSmsServiceTest.php" tests="10" assertions="15" errors="0" failures="0" skipped="0" time="0.543974">
        <testcase name="formater_numero_algerien_avec_indicatif_local" file="C:\Users\Youcef\Documents\Projet Khellil Youcef\edugest-dz\edugestdz\backend\tests\Unit\Services\TwilioSmsServiceTest.php" line="11" class="Tests\Unit\Services\TwilioSmsServiceTest" classname="Tests.Unit.Services.TwilioSmsServiceTest" assertions="1" time="0.051814"/>
        <testcase name="formater_numero_algerien_avec_indicatif_international" file="C:\Users\Youcef\Documents\Projet Khellil Youcef\edugest-dz\edugestdz\backend\tests\Unit\Services\TwilioSmsServiceTest.php" line="17" class="Tests\Unit\Services\TwilioSmsServiceTest" classname="Tests.Unit.Services.TwilioSmsServiceTest" assertions="1" time="0.053634"/>
        <testcase name="formater_numero_algerien_sans_plus" file="C:\Users\Youcef\Documents\Projet Khellil Youcef\edugest-dz\edugestdz\backend\tests\Unit\Services\TwilioSmsServiceTest.php" line="23" class="Tests\Unit\Services\TwilioSmsServiceTest" classname="Tests.Unit.Services.TwilioSmsServiceTest" assertions="1" time="0.050383"/>
        <testcase name="formater_numero_algerien_sans_prefixe" file="C:\Users\Youcef\Documents\Projet Khellil Youcef\edugest-dz\edugestdz\backend\tests\Unit\Services\TwilioSmsServiceTest.php" line="29" class="Tests\Unit\Services\TwilioSmsServiceTest" classname="Tests.Unit.Services.TwilioSmsServiceTest" assertions="1" time="0.055077"/>
        <testcase name="formater_numero_algerien_invalide" file="C:\Users\Youcef\Documents\Projet Khellil Youcef\edugest-dz\edugestdz\backend\tests\Unit\Services\TwilioSmsServiceTest.php" line="35" class="Tests\Unit\Services\TwilioSmsServiceTest" classname="Tests.Unit.Services.TwilioSmsServiceTest" assertions="1" time="0.051230"/>
        <testcase name="formater_numero_algerien_vide" file="C:\Users\Youcef\Documents\Projet Khellil Youcef\edugest-dz\edugestdz\backend\tests\Unit\Services\TwilioSmsServiceTest.php" line="41" class="Tests\Unit\Services\TwilioSmsServiceTest" classname="Tests.Unit.Services.TwilioSmsServiceTest" assertions="1" time="0.052749"/>
        <testcase name="formater_numero_avec_double_zero" file="C:\Users\Youcef\Documents\Projet Khellil Youcef\edugest-dz\edugestdz\backend\tests\Unit\Services\TwilioSmsServiceTest.php" line="47" class="Tests\Unit\Services\TwilioSmsServiceTest" classname="Tests.Unit.Services.TwilioSmsServiceTest" assertions="1" time="0.050957"/>
        <testcase name="service_gere_exception_quand_non_configure" file="C:\Users\Youcef\Documents\Projet Khellil Youcef\edugest-dz\edugestdz\backend\tests\Unit\Services\TwilioSmsServiceTest.php" line="53" class="Tests\Unit\Services\TwilioSmsServiceTest" classname="Tests.Unit.Services.TwilioSmsServiceTest" assertions="2" time="0.065838"/>
        <testcase name="format_relance_message_contient_montant_et_date" file="C:\Users\Youcef\Documents\Projet Khellil Youcef\edugest-dz\edugestdz\backend\tests\Unit\Services\TwilioSmsServiceTest.php" line="64" class="Tests\Unit\Services\TwilioSmsServiceTest" classname="Tests.Unit.Services.TwilioSmsServiceTest" assertions="3" time="0.051363"/>
        <testcase name="format_rappel_message_contient_cours_date_heure" file="C:\Users\Youcef\Documents\Projet Khellil Youcef\edugest-dz\edugestdz\backend\tests\Unit\Services\TwilioSmsServiceTest.php" line="76" class="Tests\Unit\Services\TwilioSmsServiceTest" classname="Tests.Unit.Services.TwilioSmsServiceTest" assertions="3" time="0.060928"/>
      </testsuite>
      <testsuite name="Tests\Unit\Services\WhatsAppServiceTest" file="C:\Users\Youcef\Documents\Projet Khellil Youcef\edugest-dz\edugestdz\backend\tests\Unit\Services\WhatsAppServiceTest.php" tests="9" assertions="20" errors="0" failures="0" skipped="0" time="0.540624">
        <testcase name="test_send_template_sends_correct_payload" file="C:\Users\Youcef\Documents\Projet Khellil Youcef\edugest-dz\edugestdz\backend\tests\Unit\Services\WhatsAppServiceTest.php" line="42" class="Tests\Unit\Services\WhatsAppServiceTest" classname="Tests.Unit.Services.WhatsAppServiceTest" assertions="2" time="0.086001"/>
        <testcase name="test_send_template_returns_error_on_failure" file="C:\Users\Youcef\Documents\Projet Khellil Youcef\edugest-dz\edugestdz\backend\tests\Unit\Services\WhatsAppServiceTest.php" line="54" class="Tests\Unit\Services\WhatsAppServiceTest" classname="Tests.Unit.Services.WhatsAppServiceTest" assertions="2" time="0.057007"/>
        <testcase name="test_send_template_returns_error_on_invalid_number" file="C:\Users\Youcef\Documents\Projet Khellil Youcef\edugest-dz\edugestdz\backend\tests\Unit\Services\WhatsAppServiceTest.php" line="66" class="Tests\Unit\Services\WhatsAppServiceTest" classname="Tests.Unit.Services.WhatsAppServiceTest" assertions="2" time="0.051584"/>
        <testcase name="test_normalize_number_formats_algerian_number" file="C:\Users\Youcef\Documents\Projet Khellil Youcef\edugest-dz\edugestdz\backend\tests\Unit\Services\WhatsAppServiceTest.php" line="76" class="Tests\Unit\Services\WhatsAppServiceTest" classname="Tests.Unit.Services.WhatsAppServiceTest" assertions="4" time="0.054865"/>
        <testcase name="test_send_text_returns_error_on_invalid_number" file="C:\Users\Youcef\Documents\Projet Khellil Youcef\edugest-dz\edugestdz\backend\tests\Unit\Services\WhatsAppServiceTest.php" line="86" class="Tests\Unit\Services\WhatsAppServiceTest" classname="Tests.Unit.Services.WhatsAppServiceTest" assertions="2" time="0.052177"/>
        <testcase name="test_fallback_service_calls_sms_on_whatsapp_failure" file="C:\Users\Youcef\Documents\Projet Khellil Youcef\edugest-dz\edugestdz\backend\tests\Unit\Services\WhatsAppServiceTest.php" line="96" class="Tests\Unit\Services\WhatsAppServiceTest" classname="Tests.Unit.Services.WhatsAppServiceTest" assertions="2" time="0.071525"/>
        <testcase name="test_send_reminder_delegates_to_send_template" file="C:\Users\Youcef\Documents\Projet Khellil Youcef\edugest-dz\edugestdz\backend\tests\Unit\Services\WhatsAppServiceTest.php" line="137" class="Tests\Unit\Services\WhatsAppServiceTest" classname="Tests.Unit.Services.WhatsAppServiceTest" assertions="2" time="0.055450"/>
        <testcase name="test_send_payment_reminder_delegates_to_send_template" file="C:\Users\Youcef\Documents\Projet Khellil Youcef\edugest-dz\edugestdz\backend\tests\Unit\Services\WhatsAppServiceTest.php" line="149" class="Tests\Unit\Services\WhatsAppServiceTest" classname="Tests.Unit.Services.WhatsAppServiceTest" assertions="2" time="0.052108"/>
        <testcase name="test_send_bulletin_link_delegates_to_send_template" file="C:\Users\Youcef\Documents\Projet Khellil Youcef\edugest-dz\edugestdz\backend\tests\Unit\Services\WhatsAppServiceTest.php" line="161" class="Tests\Unit\Services\WhatsAppServiceTest" classname="Tests.Unit.Services.WhatsAppServiceTest" assertions="2" time="0.059907"/>
      </testsuite>
    </testsuite>
    <testsuite name="Feature" tests="279" assertions="756" errors="2" failures="5" skipped="0" time="22.666450">
      <testsuite name="Tests\Feature\Api\AuditLogTest" file="C:\Users\Youcef\Documents\Projet Khellil Youcef\edugest-dz\edugestdz\backend\tests\Feature\Api\AuditLogTest.php" tests="3" assertions="5" errors="0" failures="0" skipped="0" time="0.271059">
        <testcase name="test_liste_audit_logs" file="C:\Users\Youcef\Documents\Projet Khellil Youcef\edugest-dz\edugestdz\backend\tests\Feature\Api\AuditLogTest.php" line="28" class="Tests\Feature\Api\AuditLogTest" classname="Tests.Feature.Api.AuditLogTest" assertions="2" time="0.137423"/>
        <testcase name="test_filtre_audit" file="C:\Users\Youcef\Documents\Projet Khellil Youcef\edugest-dz\edugestdz\backend\tests\Feature\Api\AuditLogTest.php" line="47" class="Tests\Feature\Api\AuditLogTest" classname="Tests.Feature.Api.AuditLogTest" assertions="2" time="0.070181"/>
        <testcase name="test_isolation_tenant_audit" file="C:\Users\Youcef\Documents\Projet Khellil Youcef\edugest-dz\edugestdz\backend\tests\Feature\Api\AuditLogTest.php" line="66" class="Tests\Feature\Api\AuditLogTest" classname="Tests.Feature.Api.AuditLogTest" assertions="1" time="0.063456"/>
      </testsuite>
      <testsuite name="Tests\Feature\Api\AuthTest" file="C:\Users\Youcef\Documents\Projet Khellil Youcef\edugest-dz\edugestdz\backend\tests\Feature\Api\AuthTest.php" tests="7" assertions="19" errors="0" failures="0" skipped="0" time="0.458772">
        <testcase name="test_login_avec_credentials_valides" file="C:\Users\Youcef\Documents\Projet Khellil Youcef\edugest-dz\edugestdz\backend\tests\Feature\Api\AuthTest.php" line="31" class="Tests\Feature\Api\AuthTest" classname="Tests.Feature.Api.AuthTest" assertions="10" time="0.079450"/>
        <testcase name="test_login_email_invalide" file="C:\Users\Youcef\Documents\Projet Khellil Youcef\edugest-dz\edugestdz\backend\tests\Feature\Api\AuthTest.php" line="48" class="Tests\Feature\Api\AuthTest" classname="Tests.Feature.Api.AuthTest" assertions="2" time="0.070525"/>
        <testcase name="test_login_mot_de_passe_invalide" file="C:\Users\Youcef\Documents\Projet Khellil Youcef\edugest-dz\edugestdz\backend\tests\Feature\Api\AuthTest.php" line="57" class="Tests\Feature\Api\AuthTest" classname="Tests.Feature.Api.AuthTest" assertions="1" time="0.060282"/>
        <testcase name="test_validation_email_requis" file="C:\Users\Youcef\Documents\Projet Khellil Youcef\edugest-dz\edugestdz\backend\tests\Feature\Api\AuthTest.php" line="65" class="Tests\Feature\Api\AuthTest" classname="Tests.Feature.Api.AuthTest" assertions="1" time="0.063994"/>
        <testcase name="test_me_avec_token_valide" file="C:\Users\Youcef\Documents\Projet Khellil Youcef\edugest-dz\edugestdz\backend\tests\Feature\Api\AuthTest.php" line="72" class="Tests\Feature\Api\AuthTest" classname="Tests.Feature.Api.AuthTest" assertions="2" time="0.060602"/>
        <testcase name="test_logout" file="C:\Users\Youcef\Documents\Projet Khellil Youcef\edugest-dz\edugestdz\backend\tests\Feature\Api\AuthTest.php" line="82" class="Tests\Feature\Api\AuthTest" classname="Tests.Feature.Api.AuthTest" assertions="2" time="0.062402"/>
        <testcase name="test_compte_inactif_bloque" file="C:\Users\Youcef\Documents\Projet Khellil Youcef\edugest-dz\edugestdz\backend\tests\Feature\Api\AuthTest.php" line="92" class="Tests\Feature\Api\AuthTest" classname="Tests.Feature.Api.AuthTest" assertions="1" time="0.061517"/>
      </testsuite>
      <testsuite name="Tests\Feature\Api\BilletTest" file="C:\Users\Youcef\Documents\Projet Khellil Youcef\edugest-dz\edugestdz\backend\tests\Feature\Api\BilletTest.php" tests="6" assertions="14" errors="0" failures="0" skipped="0" time="1.852451">
        <testcase name="test_creer_billet_retard" file="C:\Users\Youcef\Documents\Projet Khellil Youcef\edugest-dz\edugestdz\backend\tests\Feature\Api\BilletTest.php" line="34" class="Tests\Feature\Api\BilletTest" classname="Tests.Feature.Api.BilletTest" assertions="3" time="0.605460"/>
        <testcase name="test_creer_billet_sortie_autorisee" file="C:\Users\Youcef\Documents\Projet Khellil Youcef\edugest-dz\edugestdz\backend\tests\Feature\Api\BilletTest.php" line="55" class="Tests\Feature\Api\BilletTest" classname="Tests.Feature.Api.BilletTest" assertions="2" time="0.566351"/>
        <testcase name="test_creer_convocation" file="C:\Users\Youcef\Documents\Projet Khellil Youcef\edugest-dz\edugestdz\backend\tests\Feature\Api\BilletTest.php" line="71" class="Tests\Feature\Api\BilletTest" classname="Tests.Feature.Api.BilletTest" assertions="2" time="0.489429"/>
        <testcase name="test_liste_billets_filtree_par_tenant" file="C:\Users\Youcef\Documents\Projet Khellil Youcef\edugest-dz\edugestdz\backend\tests\Feature\Api\BilletTest.php" line="85" class="Tests\Feature\Api\BilletTest" classname="Tests.Feature.Api.BilletTest" assertions="2" time="0.065630"/>
        <testcase name="test_historique_billets_eleve" file="C:\Users\Youcef\Documents\Projet Khellil Youcef\edugest-dz\edugestdz\backend\tests\Feature\Api\BilletTest.php" line="110" class="Tests\Feature\Api\BilletTest" classname="Tests.Feature.Api.BilletTest" assertions="4" time="0.064095"/>
        <testcase name="test_validation_type_billet" file="C:\Users\Youcef\Documents\Projet Khellil Youcef\edugest-dz\edugestdz\backend\tests\Feature\Api\BilletTest.php" line="124" class="Tests\Feature\Api\BilletTest" classname="Tests.Feature.Api.BilletTest" assertions="1" time="0.061484"/>
      </testsuite>
      <testsuite name="Tests\Feature\Api\BudgetTest" file="C:\Users\Youcef\Documents\Projet Khellil Youcef\edugest-dz\edugestdz\backend\tests\Feature\Api\BudgetTest.php" tests="13" assertions="51" errors="0" failures="0" skipped="0" time="0.862576">
        <testcase name="test_categories_retourne_liste" file="C:\Users\Youcef\Documents\Projet Khellil Youcef\edugest-dz\edugestdz\backend\tests\Feature\Api\BudgetTest.php" line="34" class="Tests\Feature\Api\BudgetTest" classname="Tests.Feature.Api.BudgetTest" assertions="2" time="0.062310"/>
        <testcase name="test_creer_depense_valide" file="C:\Users\Youcef\Documents\Projet Khellil Youcef\edugest-dz\edugestdz\backend\tests\Feature\Api\BudgetTest.php" line="42" class="Tests\Feature\Api\BudgetTest" classname="Tests.Feature.Api.BudgetTest" assertions="3" time="0.063314"/>
        <testcase name="test_liste_depenses_filtree_par_tenant" file="C:\Users\Youcef\Documents\Projet Khellil Youcef\edugest-dz\edugestdz\backend\tests\Feature\Api\BudgetTest.php" line="65" class="Tests\Feature\Api\BudgetTest" classname="Tests.Feature.Api.BudgetTest" assertions="2" time="0.068450"/>
        <testcase name="test_modifier_depense" file="C:\Users\Youcef\Documents\Projet Khellil Youcef\edugest-dz\edugestdz\backend\tests\Feature\Api\BudgetTest.php" line="82" class="Tests\Feature\Api\BudgetTest" classname="Tests.Feature.Api.BudgetTest" assertions="2" time="0.062216"/>
        <testcase name="test_supprimer_depense" file="C:\Users\Youcef\Documents\Projet Khellil Youcef\edugest-dz\edugestdz\backend\tests\Feature\Api\BudgetTest.php" line="94" class="Tests\Feature\Api\BudgetTest" classname="Tests.Feature.Api.BudgetTest" assertions="2" time="0.063242"/>
        <testcase name="test_isolation_tenant_depenses" file="C:\Users\Youcef\Documents\Projet Khellil Youcef\edugest-dz\edugestdz\backend\tests\Feature\Api\BudgetTest.php" line="105" class="Tests\Feature\Api\BudgetTest" classname="Tests.Feature.Api.BudgetTest" assertions="1" time="0.060942"/>
        <testcase name="test_definir_budget_previsionnel" file="C:\Users\Youcef\Documents\Projet Khellil Youcef\edugest-dz\edugestdz\backend\tests\Feature\Api\BudgetTest.php" line="115" class="Tests\Feature\Api\BudgetTest" classname="Tests.Feature.Api.BudgetTest" assertions="3" time="0.072064"/>
        <testcase name="test_consulter_previsionnel_avec_ecart" file="C:\Users\Youcef\Documents\Projet Khellil Youcef\edugest-dz\edugestdz\backend\tests\Feature\Api\BudgetTest.php" line="139" class="Tests\Feature\Api\BudgetTest" classname="Tests.Feature.Api.BudgetTest" assertions="4" time="0.060913"/>
        <testcase name="test_bilan_mensuel_structure" file="C:\Users\Youcef\Documents\Projet Khellil Youcef\edugest-dz\edugestdz\backend\tests\Feature\Api\BudgetTest.php" line="170" class="Tests\Feature\Api\BudgetTest" classname="Tests.Feature.Api.BudgetTest" assertions="9" time="0.064742"/>
        <testcase name="test_bilan_mensuel_calcul_resultat" file="C:\Users\Youcef\Documents\Projet Khellil Youcef\edugest-dz\edugestdz\backend\tests\Feature\Api\BudgetTest.php" line="184" class="Tests\Feature\Api\BudgetTest" classname="Tests.Feature.Api.BudgetTest" assertions="3" time="0.064605"/>
        <testcase name="test_bilan_annuel_12_mois" file="C:\Users\Youcef\Documents\Projet Khellil Youcef\edugest-dz\edugestdz\backend\tests\Feature\Api\BudgetTest.php" line="205" class="Tests\Feature\Api\BudgetTest" classname="Tests.Feature.Api.BudgetTest" assertions="9" time="0.073183"/>
        <testcase name="test_dashboard_budget_structure" file="C:\Users\Youcef\Documents\Projet Khellil Youcef\edugest-dz\edugestdz\backend\tests\Feature\Api\BudgetTest.php" line="221" class="Tests\Feature\Api\BudgetTest" classname="Tests.Feature.Api.BudgetTest" assertions="9" time="0.069869"/>
        <testcase name="test_dashboard_evolution_6_mois" file="C:\Users\Youcef\Documents\Projet Khellil Youcef\edugest-dz\edugestdz\backend\tests\Feature\Api\BudgetTest.php" line="235" class="Tests\Feature\Api\BudgetTest" classname="Tests.Feature.Api.BudgetTest" assertions="2" time="0.076726"/>
      </testsuite>
      <testsuite name="Tests\Feature\Api\BulletinTest" file="C:\Users\Youcef\Documents\Projet Khellil Youcef\edugest-dz\edugestdz\backend\tests\Feature\Api\BulletinTest.php" tests="4" assertions="6" errors="0" failures="0" skipped="0" time="0.866681">
        <testcase name="test_liste_bulletins" file="C:\Users\Youcef\Documents\Projet Khellil Youcef\edugest-dz\edugestdz\backend\tests\Feature\Api\BulletinTest.php" line="27" class="Tests\Feature\Api\BulletinTest" classname="Tests.Feature.Api.BulletinTest" assertions="2" time="0.123316"/>
        <testcase name="test_generer_bulletins" file="C:\Users\Youcef\Documents\Projet Khellil Youcef\edugest-dz\edugestdz\backend\tests\Feature\Api\BulletinTest.php" line="33" class="Tests\Feature\Api\BulletinTest" classname="Tests.Feature.Api.BulletinTest" assertions="2" time="0.106771"/>
        <testcase name="test_pdf_bulletin" file="C:\Users\Youcef\Documents\Projet Khellil Youcef\edugest-dz\edugestdz\backend\tests\Feature\Api\BulletinTest.php" line="48" class="Tests\Feature\Api\BulletinTest" classname="Tests.Feature.Api.BulletinTest" assertions="1" time="0.574663"/>
        <testcase name="test_envoyer_bulletin" file="C:\Users\Youcef\Documents\Projet Khellil Youcef\edugest-dz\edugestdz\backend\tests\Feature\Api\BulletinTest.php" line="54" class="Tests\Feature\Api\BulletinTest" classname="Tests.Feature.Api.BulletinTest" assertions="1" time="0.061931"/>
      </testsuite>
      <testsuite name="Tests\Feature\Api\CampagneTest" file="C:\Users\Youcef\Documents\Projet Khellil Youcef\edugest-dz\edugestdz\backend\tests\Feature\Api\CampagneTest.php" tests="4" assertions="7" errors="0" failures="0" skipped="0" time="0.302465">
        <testcase name="test_creer_campagne" file="C:\Users\Youcef\Documents\Projet Khellil Youcef\edugest-dz\edugestdz\backend\tests\Feature\Api\CampagneTest.php" line="28" class="Tests\Feature\Api\CampagneTest" classname="Tests.Feature.Api.CampagneTest" assertions="2" time="0.093862"/>
        <testcase name="test_liste_campagnes" file="C:\Users\Youcef\Documents\Projet Khellil Youcef\edugest-dz\edugestdz\backend\tests\Feature\Api\CampagneTest.php" line="44" class="Tests\Feature\Api\CampagneTest" classname="Tests.Feature.Api.CampagneTest" assertions="2" time="0.073746"/>
        <testcase name="test_campagne_programmee" file="C:\Users\Youcef\Documents\Projet Khellil Youcef\edugest-dz\edugestdz\backend\tests\Feature\Api\CampagneTest.php" line="54" class="Tests\Feature\Api\CampagneTest" classname="Tests.Feature.Api.CampagneTest" assertions="2" time="0.065487"/>
        <testcase name="test_isolation_tenant" file="C:\Users\Youcef\Documents\Projet Khellil Youcef\edugest-dz\edugestdz\backend\tests\Feature\Api\CampagneTest.php" line="68" class="Tests\Feature\Api\CampagneTest" classname="Tests.Feature.Api.CampagneTest" assertions="1" time="0.069369"/>
      </testsuite>
      <testsuite name="Tests\Feature\Api\CantineTest" file="C:\Users\Youcef\Documents\Projet Khellil Youcef\edugest-dz\edugestdz\backend\tests\Feature\Api\CantineTest.php" tests="14" assertions="46" errors="0" failures="0" skipped="0" time="1.002617">
        <testcase name="test_creer_menu" file="C:\Users\Youcef\Documents\Projet Khellil Youcef\edugest-dz\edugestdz\backend\tests\Feature\Api\CantineTest.php" line="36" class="Tests\Feature\Api\CantineTest" classname="Tests.Feature.Api.CantineTest" assertions="3" time="0.064328"/>
        <testcase name="test_menu_semaine_structure" file="C:\Users\Youcef\Documents\Projet Khellil Youcef\edugest-dz\edugestdz\backend\tests\Feature\Api\CantineTest.php" line="55" class="Tests\Feature\Api\CantineTest" classname="Tests.Feature.Api.CantineTest" assertions="5" time="0.092402"/>
        <testcase name="test_isolation_tenant_menus" file="C:\Users\Youcef\Documents\Projet Khellil Youcef\edugest-dz\edugestdz\backend\tests\Feature\Api\CantineTest.php" line="76" class="Tests\Feature\Api\CantineTest" classname="Tests.Feature.Api.CantineTest" assertions="1" time="0.090083"/>
        <testcase name="test_inscrire_eleve_cantine" file="C:\Users\Youcef\Documents\Projet Khellil Youcef\edugest-dz\edugestdz\backend\tests\Feature\Api\CantineTest.php" line="86" class="Tests\Feature\Api\CantineTest" classname="Tests.Feature.Api.CantineTest" assertions="3" time="0.067386"/>
        <testcase name="test_double_inscription_bloquee" file="C:\Users\Youcef\Documents\Projet Khellil Youcef\edugest-dz\edugestdz\backend\tests\Feature\Api\CantineTest.php" line="108" class="Tests\Feature\Api\CantineTest" classname="Tests.Feature.Api.CantineTest" assertions="2" time="0.063295"/>
        <testcase name="test_liste_inscrits_filtree_par_tenant" file="C:\Users\Youcef\Documents\Projet Khellil Youcef\edugest-dz\edugestdz\backend\tests\Feature\Api\CantineTest.php" line="133" class="Tests\Feature\Api\CantineTest" classname="Tests.Feature.Api.CantineTest" assertions="2" time="0.092701"/>
        <testcase name="test_pointer_repas" file="C:\Users\Youcef\Documents\Projet Khellil Youcef\edugest-dz\edugestdz\backend\tests\Feature\Api\CantineTest.php" line="156" class="Tests\Feature\Api\CantineTest" classname="Tests.Feature.Api.CantineTest" assertions="3" time="0.061378"/>
        <testcase name="test_pointage_date_structure" file="C:\Users\Youcef\Documents\Projet Khellil Youcef\edugest-dz\edugestdz\backend\tests\Feature\Api\CantineTest.php" line="177" class="Tests\Feature\Api\CantineTest" classname="Tests.Feature.Api.CantineTest" assertions="6" time="0.078924"/>
        <testcase name="test_ajouter_article_stock" file="C:\Users\Youcef\Documents\Projet Khellil Youcef\edugest-dz\edugestdz\backend\tests\Feature\Api\CantineTest.php" line="185" class="Tests\Feature\Api\CantineTest" classname="Tests.Feature.Api.CantineTest" assertions="2" time="0.062996"/>
        <testcase name="test_sortie_stock_diminue_quantite" file="C:\Users\Youcef\Documents\Projet Khellil Youcef\edugest-dz\edugestdz\backend\tests\Feature\Api\CantineTest.php" line="200" class="Tests\Feature\Api\CantineTest" classname="Tests.Feature.Api.CantineTest" assertions="2" time="0.069966"/>
        <testcase name="test_stock_insuffisant_bloque" file="C:\Users\Youcef\Documents\Projet Khellil Youcef\edugest-dz\edugestdz\backend\tests\Feature\Api\CantineTest.php" line="221" class="Tests\Feature\Api\CantineTest" classname="Tests.Feature.Api.CantineTest" assertions="2" time="0.061256"/>
        <testcase name="test_alertes_stock" file="C:\Users\Youcef\Documents\Projet Khellil Youcef\edugest-dz\edugestdz\backend\tests\Feature\Api\CantineTest.php" line="241" class="Tests\Feature\Api\CantineTest" classname="Tests.Feature.Api.CantineTest" assertions="2" time="0.059302"/>
        <testcase name="test_dashboard_cantine_structure" file="C:\Users\Youcef\Documents\Projet Khellil Youcef\edugest-dz\edugestdz\backend\tests\Feature\Api\CantineTest.php" line="261" class="Tests\Feature\Api\CantineTest" classname="Tests.Feature.Api.CantineTest" assertions="11" time="0.063462"/>
        <testcase name="test_desinscrire_eleve_cantine" file="C:\Users\Youcef\Documents\Projet Khellil Youcef\edugest-dz\edugestdz\backend\tests\Feature\Api\CantineTest.php" line="275" class="Tests\Feature\Api\CantineTest" classname="Tests.Feature.Api.CantineTest" assertions="2" time="0.075138"/>
      </testsuite>
      <testsuite name="Tests\Feature\Api\CurriculumTest" file="C:\Users\Youcef\Documents\Projet Khellil Youcef\edugest-dz\edugestdz\backend\tests\Feature\Api\CurriculumTest.php" tests="2" assertions="7" errors="0" failures="0" skipped="0" time="0.173491">
        <testcase name="test_curriculum_algerien_charge" file="C:\Users\Youcef\Documents\Projet Khellil Youcef\edugest-dz\edugestdz\backend\tests\Feature\Api\CurriculumTest.php" line="11" class="Tests\Feature\Api\CurriculumTest" classname="Tests.Feature.Api.CurriculumTest" assertions="6" time="0.088603"/>
        <testcase name="test_niveaux_sont_dans_le_bon_ordre" file="C:\Users\Youcef\Documents\Projet Khellil Youcef\edugest-dz\edugestdz\backend\tests\Feature\Api\CurriculumTest.php" line="32" class="Tests\Feature\Api\CurriculumTest" classname="Tests.Feature.Api.CurriculumTest" assertions="1" time="0.084888"/>
      </testsuite>
      <testsuite name="Tests\Feature\Api\DeviceTokenTest" file="C:\Users\Youcef\Documents\Projet Khellil Youcef\edugest-dz\edugestdz\backend\tests\Feature\Api\DeviceTokenTest.php" tests="5" assertions="13" errors="0" failures="0" skipped="0" time="0.326891">
        <testcase name="test_register_device_token" file="C:\Users\Youcef\Documents\Projet Khellil Youcef\edugest-dz\edugestdz\backend\tests\Feature\Api\DeviceTokenTest.php" line="34" class="Tests\Feature\Api\DeviceTokenTest" classname="Tests.Feature.Api.DeviceTokenTest" assertions="3" time="0.063409"/>
        <testcase name="test_register_duplicate_token" file="C:\Users\Youcef\Documents\Projet Khellil Youcef\edugest-dz\edugestdz\backend\tests\Feature\Api\DeviceTokenTest.php" line="51" class="Tests\Feature\Api\DeviceTokenTest" classname="Tests.Feature.Api.DeviceTokenTest" assertions="3" time="0.062427"/>
        <testcase name="test_unregister_device_token" file="C:\Users\Youcef\Documents\Projet Khellil Youcef\edugest-dz\edugestdz\backend\tests\Feature\Api\DeviceTokenTest.php" line="74" class="Tests\Feature\Api\DeviceTokenTest" classname="Tests.Feature.Api.DeviceTokenTest" assertions="3" time="0.061755"/>
        <testcase name="test_list_device_tokens" file="C:\Users\Youcef\Documents\Projet Khellil Youcef\edugest-dz\edugestdz\backend\tests\Feature\Api\DeviceTokenTest.php" line="94" class="Tests\Feature\Api\DeviceTokenTest" classname="Tests.Feature.Api.DeviceTokenTest" assertions="2" time="0.073966"/>
        <testcase name="test_isolation_tenant" file="C:\Users\Youcef\Documents\Projet Khellil Youcef\edugest-dz\edugestdz\backend\tests\Feature\Api\DeviceTokenTest.php" line="107" class="Tests\Feature\Api\DeviceTokenTest" classname="Tests.Feature.Api.DeviceTokenTest" assertions="2" time="0.065334"/>
      </testsuite>
      <testsuite name="Tests\Feature\Api\EleveTest" file="C:\Users\Youcef\Documents\Projet Khellil Youcef\edugest-dz\edugestdz\backend\tests\Feature\Api\EleveTest.php" tests="8" assertions="20" errors="0" failures="1" skipped="0" time="0.557519">
        <testcase name="test_liste_eleves" file="C:\Users\Youcef\Documents\Projet Khellil Youcef\edugest-dz\edugestdz\backend\tests\Feature\Api\EleveTest.php" line="30" class="Tests\Feature\Api\EleveTest" classname="Tests.Feature.Api.EleveTest" assertions="6" time="0.073165"/>
        <testcase name="test_creer_eleve_valide" file="C:\Users\Youcef\Documents\Projet Khellil Youcef\edugest-dz\edugestdz\backend\tests\Feature\Api\EleveTest.php" line="41" class="Tests\Feature\Api\EleveTest" classname="Tests.Feature.Api.EleveTest" assertions="4" time="0.068061"/>
        <testcase name="test_validation_nom_requis" file="C:\Users\Youcef\Documents\Projet Khellil Youcef\edugest-dz\edugestdz\backend\tests\Feature\Api\EleveTest.php" line="65" class="Tests\Feature\Api\EleveTest" classname="Tests.Feature.Api.EleveTest" assertions="2" time="0.061934"/>
        <testcase name="test_obtenir_eleve_par_id" file="C:\Users\Youcef\Documents\Projet Khellil Youcef\edugest-dz\edugestdz\backend\tests\Feature\Api\EleveTest.php" line="79" class="Tests\Feature\Api\EleveTest" classname="Tests.Feature.Api.EleveTest" assertions="2" time="0.061556"/>
        <testcase name="test_modifier_eleve" file="C:\Users\Youcef\Documents\Projet Khellil Youcef\edugest-dz\edugestdz\backend\tests\Feature\Api\EleveTest.php" line="89" class="Tests\Feature\Api\EleveTest" classname="Tests.Feature.Api.EleveTest" assertions="2" time="0.063594"/>
        <testcase name="test_supprimer_eleve" file="C:\Users\Youcef\Documents\Projet Khellil Youcef\edugest-dz\edugestdz\backend\tests\Feature\Api\EleveTest.php" line="102" class="Tests\Feature\Api\EleveTest" classname="Tests.Feature.Api.EleveTest" assertions="2" time="0.078049"/>
        <testcase name="test_recherche_eleve" file="C:\Users\Youcef\Documents\Projet Khellil Youcef\edugest-dz\edugestdz\backend\tests\Feature\Api\EleveTest.php" line="115" class="Tests\Feature\Api\EleveTest" classname="Tests.Feature.Api.EleveTest" assertions="1" time="0.070968">
          <failure type="PHPUnit\Framework\ExpectationFailedException">Tests\Feature\Api\EleveTest::test_recherche_eleve&#13;
Expected response status code [200] but received 500.
Failed asserting that 500 is identical to 200.&#13;
&#13;
The following exception occurred during the last request:

PDOException: SQLSTATE[HY000]: General error: 1 near "ILIKE": syntax error in C:\Users\Youcef\Documents\Projet Khellil Youcef\edugest-dz\edugestdz\backend\vendor\laravel\framework\src\Illuminate\Database\Connection.php:407
Stack trace:
#0 C:\Users\Youcef\Documents\Projet Khellil Youcef\edugest-dz\edugestdz\backend\vendor\laravel\framework\src\Illuminate\Database\Connection.php(407): PDO-&gt;prepare('select count(*)...')
#1 C:\Users\Youcef\Documents\Projet Khellil Youcef\edugest-dz\edugestdz\backend\vendor\laravel\framework\src\Illuminate\Database\Connection.php(812): Illuminate\Database\Connection-&gt;Illuminate\Database\{closure}('select count(*)...', Array)
#2 C:\Users\Youcef\Documents\Projet Khellil Youcef\edugest-dz\edugestdz\backend\vendor\laravel\framework\src\Illuminate\Database\Connection.php(779): Illuminate\Database\Connection-&gt;runQueryCallback('select count(*)...', Array, Object(Closure))
#3 C:\Users\Youcef\Documents\Projet Khellil Youcef\edugest-dz\edugestdz\backend\vendor\laravel\framework\src\Illuminate\Database\Connection.php(398): Illuminate\Database\Connection-&gt;run('select count(*)...', Array, Object(Closure))
#4 C:\Users\Youcef\Documents\Projet Khellil Youcef\edugest-dz\edugestdz\backend\vendor\laravel\framework\src\Illuminate\Database\Query\Builder.php(3106): Illuminate\Database\Connection-&gt;select('select count(*)...', Array, true)
#5 C:\Users\Youcef\Documents\Projet Khellil Youcef\edugest-dz\edugestdz\backend\vendor\laravel\framework\src\Illuminate\Database\Query\Builder.php(3091): Illuminate\Database\Query\Builder-&gt;runSelect()
#6 C:\Users\Youcef\Documents\Projet Khellil Youcef\edugest-dz\edugestdz\backend\vendor\laravel\framework\src\Illuminate\Database\Query\Builder.php(3676): Illuminate\Database\Query\Builder-&gt;Illuminate\Database\Query\{closure}()
#7 C:\Users\Youcef\Documents\Projet Khellil Youcef\edugest-dz\edugestdz\backend\vendor\laravel\framework\src\Illuminate\Database\Query\Builder.php(3090): Illuminate\Database\Query\Builder-&gt;onceWithColumns(Array, Object(Closure))
#8 C:\Users\Youcef\Documents\Projet Khellil Youcef\edugest-dz\edugestdz\backend\vendor\laravel\framework\src\Illuminate\Database\Query\Builder.php(3285): Illuminate\Database\Query\Builder-&gt;get()
#9 C:\Users\Youcef\Documents\Projet Khellil Youcef\edugest-dz\edugestdz\backend\vendor\laravel\framework\src\Illuminate\Database\Query\Builder.php(3244): Illuminate\Database\Query\Builder-&gt;runPaginationCountQuery(Array)
#10 C:\Users\Youcef\Documents\Projet Khellil Youcef\edugest-dz\edugestdz\backend\vendor\laravel\framework\src\Illuminate\Database\Eloquent\Builder.php(1029): Illuminate\Database\Query\Builder-&gt;getCountForPagination()
#11 C:\Users\Youcef\Documents\Projet Khellil Youcef\edugest-dz\edugestdz\backend\app\Http\Controllers\Api\V1\EleveController.php(65): Illuminate\Database\Eloquent\Builder-&gt;paginate(20)
#12 C:\Users\Youcef\Documents\Projet Khellil Youcef\edugest-dz\edugestdz\backend\vendor\laravel\framework\src\Illuminate\Routing\ControllerDispatcher.php(47): App\Http\Controllers\Api\V1\EleveController-&gt;index(Object(Illuminate\Http\Request))
#13 C:\Users\Youcef\Documents\Projet Khellil Youcef\edugest-dz\edugestdz\backend\vendor\laravel\framework\src\Illuminate\Routing\Route.php(266): Illuminate\Routing\ControllerDispatcher-&gt;dispatch(Object(Illuminate\Routing\Route), Object(App\Http\Controllers\Api\V1\EleveController), 'index')
#14 C:\Users\Youcef\Documents\Projet Khellil Youcef\edugest-dz\edugestdz\backend\vendor\laravel\framework\src\Illuminate\Routing\Route.php(212): Illuminate\Routing\Route-&gt;runController()
#15 C:\Users\Youcef\Documents\Projet Khellil Youcef\edugest-dz\edugestdz\backend\vendor\laravel\framework\src\Illuminate\Routing\Router.php(808): Illuminate\Routing\Route-&gt;run()
#16 C:\Users\Youcef\Documents\Projet Khellil Youcef\edugest-dz\edugestdz\backend\vendor\laravel\framework\src\Illuminate\Pipeline\Pipeline.php(170): Illuminate\Routing\Router-&gt;Illuminate\Routing\{closure}(Object(Illuminate\Http\Request))
#17 C:\Users\Youcef\Documents\Projet Khellil Youcef\edugest-dz\edugestdz\backend\app\Http\Middleware\CheckSubscription.php(34): Illuminate\Pipeline\Pipeline-&gt;Illuminate\Pipeline\{closure}(Object(Illuminate\Http\Request))
#18 C:\Users\Youcef\Documents\Projet Khellil Youcef\edugest-dz\edugestdz\backend\vendor\laravel\framework\src\Illuminate\Pipeline\Pipeline.php(209): App\Http\Middleware\CheckSubscription-&gt;handle(Object(Illuminate\Http\Request), Object(Closure))
#19 C:\Users\Youcef\Documents\Projet Khellil Youcef\edugest-dz\edugestdz\backend\app\Http\Middleware\ResolveTenant.php(47): Illuminate\Pipeline\Pipeline-&gt;Illuminate\Pipeline\{closure}(Object(Illuminate\Http\Request))
#20 C:\Users\Youcef\Documents\Projet Khellil Youcef\edugest-dz\edugestdz\backend\vendor\laravel\framework\src\Illuminate\Pipeline\Pipeline.php(209): App\Http\Middleware\ResolveTenant-&gt;handle(Object(Illuminate\Http\Request), Object(Closure))
#21 C:\Users\Youcef\Documents\Projet Khellil Youcef\edugest-dz\edugestdz\backend\vendor\laravel\framework\src\Illuminate\Routing\Middleware\SubstituteBindings.php(51): Illuminate\Pipeline\Pipeline-&gt;Illuminate\Pipeline\{closure}(Object(Illuminate\Http\Request))
#22 C:\Users\Youcef\Documents\Projet Khellil Youcef\edugest-dz\edugestdz\backend\vendor\laravel\framework\src\Illuminate\Pipeline\Pipeline.php(209): Illuminate\Routing\Middleware\SubstituteBindings-&gt;handle(Object(Illuminate\Http\Request), Object(Closure))
#23 C:\Users\Youcef\Documents\Projet Khellil Youcef\edugest-dz\edugestdz\backend\vendor\laravel\framework\src\Illuminate\Auth\Middleware\Authenticate.php(64): Illuminate\Pipeline\Pipeline-&gt;Illuminate\Pipeline\{closure}(Object(Illuminate\Http\Request))
#24 C:\Users\Youcef\Documents\Projet Khellil Youcef\edugest-dz\edugestdz\backend\vendor\laravel\framework\src\Illuminate\Pipeline\Pipeline.php(209): Illuminate\Auth\Middleware\Authenticate-&gt;handle(Object(Illuminate\Http\Request), Object(Closure), 'api')
#25 C:\Users\Youcef\Documents\Projet Khellil Youcef\edugest-dz\edugestdz\backend\app\Http\Middleware\QueryMonitor.php(28): Illuminate\Pipeline\Pipeline-&gt;Illuminate\Pipeline\{closure}(Object(Illuminate\Http\Request))
#26 C:\Users\Youcef\Documents\Projet Khellil Youcef\edugest-dz\edugestdz\backend\vendor\laravel\framework\src\Illuminate\Pipeline\Pipeline.php(209): App\Http\Middleware\QueryMonitor-&gt;handle(Object(Illuminate\Http\Request), Object(Closure))
#27 C:\Users\Youcef\Documents\Projet Khellil Youcef\edugest-dz\edugestdz\backend\vendor\laravel\framework\src\Illuminate\Pipeline\Pipeline.php(127): Illuminate\Pipeline\Pipeline-&gt;Illuminate\Pipeline\{closure}(Object(Illuminate\Http\Request))
#28 C:\Users\Youcef\Documents\Projet Khellil Youcef\edugest-dz\edugestdz\backend\vendor\laravel\framework\src\Illuminate\Routing\Router.php(807): Illuminate\Pipeline\Pipeline-&gt;then(Object(Closure))
#29 C:\Users\Youcef\Documents\Projet Khellil Youcef\edugest-dz\edugestdz\backend\vendor\laravel\framework\src\Illuminate\Routing\Router.php(786): Illuminate\Routing\Router-&gt;runRouteWithinStack(Object(Illuminate\Routing\Route), Object(Illuminate\Http\Request))
#30 C:\Users\Youcef\Documents\Projet Khellil Youcef\edugest-dz\edugestdz\backend\vendor\laravel\framework\src\Illuminate\Routing\Router.php(750): Illuminate\Routing\Router-&gt;runRoute(Object(Illuminate\Http\Request), Object(Illuminate\Routing\Route))
#31 C:\Users\Youcef\Documents\Projet Khellil Youcef\edugest-dz\edugestdz\backend\vendor\laravel\framework\src\Illuminate\Routing\Router.php(739): Illuminate\Routing\Router-&gt;dispatchToRoute(Object(Illuminate\Http\Request))
#32 C:\Users\Youcef\Documents\Projet Khellil Youcef\edugest-dz\edugestdz\backend\vendor\laravel\framework\src\Illuminate\Foundation\Http\Kernel.php(201): Illuminate\Routing\Router-&gt;dispatch(Object(Illuminate\Http\Request))
#33 C:\Users\Youcef\Documents\Projet Khellil Youcef\edugest-dz\edugestdz\backend\vendor\laravel\framework\src\Illuminate\Pipeline\Pipeline.php(170): Illuminate\Foundation\Http\Kernel-&gt;Illuminate\Foundation\Http\{closure}(Object(Illuminate\Http\Request))
#34 C:\Users\Youcef\Documents\Projet Khellil Youcef\edugest-dz\edugestdz\backend\vendor\laravel\framework\src\Illuminate\Foundation\Http\Middleware\TransformsRequest.php(21): Illuminate\Pipeline\Pipeline-&gt;Illuminate\Pipeline\{closure}(Object(Illuminate\Http\Request))
#35 C:\Users\Youcef\Documents\Projet Khellil Youcef\edugest-dz\edugestdz\backend\vendor\laravel\framework\src\Illuminate\Foundation\Http\Middleware\ConvertEmptyStringsToNull.php(31): Illuminate\Foundation\Http\Middleware\TransformsRequest-&gt;handle(Object(Illuminate\Http\Request), Object(Closure))
#36 C:\Users\Youcef\Documents\Projet Khellil Youcef\edugest-dz\edugestdz\backend\vendor\laravel\framework\src\Illuminate\Pipeline\Pipeline.php(209): Illuminate\Foundation\Http\Middleware\ConvertEmptyStringsToNull-&gt;handle(Object(Illuminate\Http\Request), Object(Closure))
#37 C:\Users\Youcef\Documents\Projet Khellil Youcef\edugest-dz\edugestdz\backend\vendor\laravel\framework\src\Illuminate\Foundation\Http\Middleware\TransformsRequest.php(21): Illuminate\Pipeline\Pipeline-&gt;Illuminate\Pipeline\{closure}(Object(Illuminate\Http\Request))
#38 C:\Users\Youcef\Documents\Projet Khellil Youcef\edugest-dz\edugestdz\backend\vendor\laravel\framework\src\Illuminate\Foundation\Http\Middleware\TrimStrings.php(51): Illuminate\Foundation\Http\Middleware\TransformsRequest-&gt;handle(Object(Illuminate\Http\Request), Object(Closure))
#39 C:\Users\Youcef\Documents\Projet Khellil Youcef\edugest-dz\edugestdz\backend\vendor\laravel\framework\src\Illuminate\Pipeline\Pipeline.php(209): Illuminate\Foundation\Http\Middleware\TrimStrings-&gt;handle(Object(Illuminate\Http\Request), Object(Closure))
#40 C:\Users\Youcef\Documents\Projet Khellil Youcef\edugest-dz\edugestdz\backend\vendor\laravel\framework\src\Illuminate\Http\Middleware\ValidatePostSize.php(27): Illuminate\Pipeline\Pipeline-&gt;Illuminate\Pipeline\{closure}(Object(Illuminate\Http\Request))
#41 C:\Users\Youcef\Documents\Projet Khellil Youcef\edugest-dz\edugestdz\backend\vendor\laravel\framework\src\Illuminate\Pipeline\Pipeline.php(209): Illuminate\Http\Middleware\ValidatePostSize-&gt;handle(Object(Illuminate\Http\Request), Object(Closure))
#42 C:\Users\Youcef\Documents\Projet Khellil Youcef\edugest-dz\edugestdz\backend\vendor\laravel\framework\src\Illuminate\Foundation\Http\Middleware\PreventRequestsDuringMaintenance.php(110): Illuminate\Pipeline\Pipeline-&gt;Illuminate\Pipeline\{closure}(Object(Illuminate\Http\Request))
#43 C:\Users\Youcef\Documents\Projet Khellil Youcef\edugest-dz\edugestdz\backend\vendor\laravel\framework\src\Illuminate\Pipeline\Pipeline.php(209): Illuminate\Foundation\Http\Middleware\PreventRequestsDuringMaintenance-&gt;handle(Object(Illuminate\Http\Request), Object(Closure))
#44 C:\Users\Youcef\Documents\Projet Khellil Youcef\edugest-dz\edugestdz\backend\vendor\laravel\framework\src\Illuminate\Http\Middleware\HandleCors.php(62): Illuminate\Pipeline\Pipeline-&gt;Illuminate\Pipeline\{closure}(Object(Illuminate\Http\Request))
#45 C:\Users\Youcef\Documents\Projet Khellil Youcef\edugest-dz\edugestdz\backend\vendor\laravel\framework\src\Illuminate\Pipeline\Pipeline.php(209): Illuminate\Http\Middleware\HandleCors-&gt;handle(Object(Illuminate\Http\Request), Object(Closure))
#46 C:\Users\Youcef\Documents\Projet Khellil Youcef\edugest-dz\edugestdz\backend\vendor\laravel\framework\src\Illuminate\Http\Middleware\TrustProxies.php(58): Illuminate\Pipeline\Pipeline-&gt;Illuminate\Pipeline\{closure}(Object(Illuminate\Http\Request))
#47 C:\Users\Youcef\Documents\Projet Khellil Youcef\edugest-dz\edugestdz\backend\vendor\laravel\framework\src\Illuminate\Pipeline\Pipeline.php(209): Illuminate\Http\Middleware\TrustProxies-&gt;handle(Object(Illuminate\Http\Request), Object(Closure))
#48 C:\Users\Youcef\Documents\Projet Khellil Youcef\edugest-dz\edugestdz\backend\vendor\laravel\framework\src\Illuminate\Foundation\Http\Middleware\InvokeDeferredCallbacks.php(22): Illuminate\Pipeline\Pipeline-&gt;Illuminate\Pipeline\{closure}(Object(Illuminate\Http\Request))
#49 C:\Users\Youcef\Documents\Projet Khellil Youcef\edugest-dz\edugestdz\backend\vendor\laravel\framework\src\Illuminate\Pipeline\Pipeline.php(209): Illuminate\Foundation\Http\Middleware\InvokeDeferredCallbacks-&gt;handle(Object(Illuminate\Http\Request), Object(Closure))
#50 C:\Users\Youcef\Documents\Projet Khellil Youcef\edugest-dz\edugestdz\backend\vendor\laravel\framework\src\Illuminate\Pipeline\Pipeline.php(127): Illuminate\Pipeline\Pipeline-&gt;Illuminate\Pipeline\{closure}(Object(Illuminate\Http\Request))
#51 C:\Users\Youcef\Documents\Projet Khellil Youcef\edugest-dz\edugestdz\backend\vendor\laravel\framework\src\Illuminate\Foundation\Http\Kernel.php(176): Illuminate\Pipeline\Pipeline-&gt;then(Object(Closure))
#52 C:\Users\Youcef\Documents\Projet Khellil Youcef\edugest-dz\edugestdz\backend\vendor\laravel\framework\src\Illuminate\Foundation\Http\Kernel.php(145): Illuminate\Foundation\Http\Kernel-&gt;sendRequestThroughRouter(Object(Illuminate\Http\Request))
#53 C:\Users\Youcef\Documents\Projet Khellil Youcef\edugest-dz\edugestdz\backend\vendor\laravel\framework\src\Illuminate\Foundation\Testing\Concerns\MakesHttpRequests.php(607): Illuminate\Foundation\Http\Kernel-&gt;handle(Object(Illuminate\Http\Request))
#54 C:\Users\Youcef\Documents\Projet Khellil Youcef\edugest-dz\edugestdz\backend\vendor\laravel\framework\src\Illuminate\Foundation\Testing\Concerns\MakesHttpRequests.php(573): Illuminate\Foundation\Testing\TestCase-&gt;call('GET', '/api/v1/eleves?...', Array, Array, Array, Array, '[]')
#55 C:\Users\Youcef\Documents\Projet Khellil Youcef\edugest-dz\edugestdz\backend\vendor\laravel\framework\src\Illuminate\Foundation\Testing\Concerns\MakesHttpRequests.php(381): Illuminate\Foundation\Testing\TestCase-&gt;json('GET', '/api/v1/eleves?...', Array, Array, 0)
#56 C:\Users\Youcef\Documents\Projet Khellil Youcef\edugest-dz\edugestdz\backend\tests\Feature\Api\EleveTest.php(121): Illuminate\Foundation\Testing\TestCase-&gt;getJson('/api/v1/eleves?...')
#57 C:\Users\Youcef\Documents\Projet Khellil Youcef\edugest-dz\edugestdz\backend\vendor\phpunit\phpunit\src\Framework\TestCase.php(1667): Tests\Feature\Api\EleveTest-&gt;test_recherche_eleve()
#58 C:\Users\Youcef\Documents\Projet Khellil Youcef\edugest-dz\edugestdz\backend\vendor\phpunit\phpunit\src\Framework\TestCase.php(519): PHPUnit\Framework\TestCase-&gt;runTest()
#59 C:\Users\Youcef\Documents\Projet Khellil Youcef\edugest-dz\edugestdz\backend\vendor\phpunit\phpunit\src\Framework\TestRunner\TestRunner.php(87): PHPUnit\Framework\TestCase-&gt;runBare()
#60 C:\Users\Youcef\Documents\Projet Khellil Youcef\edugest-dz\edugestdz\backend\vendor\phpunit\phpunit\src\Framework\TestCase.php(365): PHPUnit\Framework\TestRunner-&gt;run(Object(Tests\Feature\Api\EleveTest))
#61 C:\Users\Youcef\Documents\Projet Khellil Youcef\edugest-dz\edugestdz\backend\vendor\phpunit\phpunit\src\Framework\TestSuite.php(369): PHPUnit\Framework\TestCase-&gt;run()
#62 C:\Users\Youcef\Documents\Projet Khellil Youcef\edugest-dz\edugestdz\backend\vendor\phpunit\phpunit\src\Framework\TestSuite.php(369): PHPUnit\Framework\TestSuite-&gt;run()
#63 C:\Users\Youcef\Documents\Projet Khellil Youcef\edugest-dz\edugestdz\backend\vendor\phpunit\phpunit\src\Framework\TestSuite.php(369): PHPUnit\Framework\TestSuite-&gt;run()
#64 C:\Users\Youcef\Documents\Projet Khellil Youcef\edugest-dz\edugestdz\backend\vendor\phpunit\phpunit\src\TextUI\TestRunner.php(64): PHPUnit\Framework\TestSuite-&gt;run()
#65 C:\Users\Youcef\Documents\Projet Khellil Youcef\edugest-dz\edugestdz\backend\vendor\phpunit\phpunit\src\TextUI\Application.php(211): PHPUnit\TextUI\TestRunner-&gt;run(Object(PHPUnit\TextUI\Configuration\Configuration), Object(PHPUnit\Runner\ResultCache\DefaultResultCache), Object(PHPUnit\Framework\TestSuite))
#66 C:\Users\Youcef\Documents\Projet Khellil Youcef\edugest-dz\edugestdz\backend\vendor\phpunit\phpunit\phpunit(104): PHPUnit\TextUI\Application-&gt;run(Array)
#67 C:\Users\Youcef\Documents\Projet Khellil Youcef\edugest-dz\edugestdz\backend\vendor\bin\phpunit(122): include('C:\\Users\\Youcef...')
#68 {main}

Next Illuminate\Database\QueryException: SQLSTATE[HY000]: General error: 1 near "ILIKE": syntax error (Connection: sqlite, SQL: select count(*) as aggregate from "eleves" where ("nom" ILIKE %AMARI% or "prenom" ILIKE %AMARI% or "numero_inscription" ILIKE %AMARI%) and "eleves"."deleted_at" is null and "eleves"."tenant_id" = 2791edf6-4597-462d-b9d9-6358e8cdf13d) in C:\Users\Youcef\Documents\Projet Khellil Youcef\edugest-dz\edugestdz\backend\vendor\laravel\framework\src\Illuminate\Database\Connection.php:825
Stack trace:
#0 C:\Users\Youcef\Documents\Projet Khellil Youcef\edugest-dz\edugestdz\backend\vendor\laravel\framework\src\Illuminate\Database\Connection.php(779): Illuminate\Database\Connection-&gt;runQueryCallback('select count(*)...', Array, Object(Closure))
#1 C:\Users\Youcef\Documents\Projet Khellil Youcef\edugest-dz\edugestdz\backend\vendor\laravel\framework\src\Illuminate\Database\Connection.php(398): Illuminate\Database\Connection-&gt;run('select count(*)...', Array, Object(Closure))
#2 C:\Users\Youcef\Documents\Projet Khellil Youcef\edugest-dz\edugestdz\backend\vendor\laravel\framework\src\Illuminate\Database\Query\Builder.php(3106): Illuminate\Database\Connection-&gt;select('select count(*)...', Array, true)
#3 C:\Users\Youcef\Documents\Projet Khellil Youcef\edugest-dz\edugestdz\backend\vendor\laravel\framework\src\Illuminate\Database\Query\Builder.php(3091): Illuminate\Database\Query\Builder-&gt;runSelect()
#4 C:\Users\Youcef\Documents\Projet Khellil Youcef\edugest-dz\edugestdz\backend\vendor\laravel\framework\src\Illuminate\Database\Query\Builder.php(3676): Illuminate\Database\Query\Builder-&gt;Illuminate\Database\Query\{closure}()
#5 C:\Users\Youcef\Documents\Projet Khellil Youcef\edugest-dz\edugestdz\backend\vendor\laravel\framework\src\Illuminate\Database\Query\Builder.php(3090): Illuminate\Database\Query\Builder-&gt;onceWithColumns(Array, Object(Closure))
#6 C:\Users\Youcef\Documents\Projet Khellil Youcef\edugest-dz\edugestdz\backend\vendor\laravel\framework\src\Illuminate\Database\Query\Builder.php(3285): Illuminate\Database\Query\Builder-&gt;get()
#7 C:\Users\Youcef\Documents\Projet Khellil Youcef\edugest-dz\edugestdz\backend\vendor\laravel\framework\src\Illuminate\Database\Query\Builder.php(3244): Illuminate\Database\Query\Builder-&gt;runPaginationCountQuery(Array)
#8 C:\Users\Youcef\Documents\Projet Khellil Youcef\edugest-dz\edugestdz\backend\vendor\laravel\framework\src\Illuminate\Database\Eloquent\Builder.php(1029): Illuminate\Database\Query\Builder-&gt;getCountForPagination()
#9 C:\Users\Youcef\Documents\Projet Khellil Youcef\edugest-dz\edugestdz\backend\app\Http\Controllers\Api\V1\EleveController.php(65): Illuminate\Database\Eloquent\Builder-&gt;paginate(20)
#10 C:\Users\Youcef\Documents\Projet Khellil Youcef\edugest-dz\edugestdz\backend\vendor\laravel\framework\src\Illuminate\Routing\ControllerDispatcher.php(47): App\Http\Controllers\Api\V1\EleveController-&gt;index(Object(Illuminate\Http\Request))
#11 C:\Users\Youcef\Documents\Projet Khellil Youcef\edugest-dz\edugestdz\backend\vendor\laravel\framework\src\Illuminate\Routing\Route.php(266): Illuminate\Routing\ControllerDispatcher-&gt;dispatch(Object(Illuminate\Routing\Route), Object(App\Http\Controllers\Api\V1\EleveController), 'index')
#12 C:\Users\Youcef\Documents\Projet Khellil Youcef\edugest-dz\edugestdz\backend\vendor\laravel\framework\src\Illuminate\Routing\Route.php(212): Illuminate\Routing\Route-&gt;runController()
#13 C:\Users\Youcef\Documents\Projet Khellil Youcef\edugest-dz\edugestdz\backend\vendor\laravel\framework\src\Illuminate\Routing\Router.php(808): Illuminate\Routing\Route-&gt;run()
#14 C:\Users\Youcef\Documents\Projet Khellil Youcef\edugest-dz\edugestdz\backend\vendor\laravel\framework\src\Illuminate\Pipeline\Pipeline.php(170): Illuminate\Routing\Router-&gt;Illuminate\Routing\{closure}(Object(Illuminate\Http\Request))
#15 C:\Users\Youcef\Documents\Projet Khellil Youcef\edugest-dz\edugestdz\backend\app\Http\Middleware\CheckSubscription.php(34): Illuminate\Pipeline\Pipeline-&gt;Illuminate\Pipeline\{closure}(Object(Illuminate\Http\Request))
#16 C:\Users\Youcef\Documents\Projet Khellil Youcef\edugest-dz\edugestdz\backend\vendor\laravel\framework\src\Illuminate\Pipeline\Pipeline.php(209): App\Http\Middleware\CheckSubscription-&gt;handle(Object(Illuminate\Http\Request), Object(Closure))
#17 C:\Users\Youcef\Documents\Projet Khellil Youcef\edugest-dz\edugestdz\backend\app\Http\Middleware\ResolveTenant.php(47): Illuminate\Pipeline\Pipeline-&gt;Illuminate\Pipeline\{closure}(Object(Illuminate\Http\Request))
#18 C:\Users\Youcef\Documents\Projet Khellil Youcef\edugest-dz\edugestdz\backend\vendor\laravel\framework\src\Illuminate\Pipeline\Pipeline.php(209): App\Http\Middleware\ResolveTenant-&gt;handle(Object(Illuminate\Http\Request), Object(Closure))
#19 C:\Users\Youcef\Documents\Projet Khellil Youcef\edugest-dz\edugestdz\backend\vendor\laravel\framework\src\Illuminate\Routing\Middleware\SubstituteBindings.php(51): Illuminate\Pipeline\Pipeline-&gt;Illuminate\Pipeline\{closure}(Object(Illuminate\Http\Request))
#20 C:\Users\Youcef\Documents\Projet Khellil Youcef\edugest-dz\edugestdz\backend\vendor\laravel\framework\src\Illuminate\Pipeline\Pipeline.php(209): Illuminate\Routing\Middleware\SubstituteBindings-&gt;handle(Object(Illuminate\Http\Request), Object(Closure))
#21 C:\Users\Youcef\Documents\Projet Khellil Youcef\edugest-dz\edugestdz\backend\vendor\laravel\framework\src\Illuminate\Auth\Middleware\Authenticate.php(64): Illuminate\Pipeline\Pipeline-&gt;Illuminate\Pipeline\{closure}(Object(Illuminate\Http\Request))
#22 C:\Users\Youcef\Documents\Projet Khellil Youcef\edugest-dz\edugestdz\backend\vendor\laravel\framework\src\Illuminate\Pipeline\Pipeline.php(209): Illuminate\Auth\Middleware\Authenticate-&gt;handle(Object(Illuminate\Http\Request), Object(Closure), 'api')
#23 C:\Users\Youcef\Documents\Projet Khellil Youcef\edugest-dz\edugestdz\backend\app\Http\Middleware\QueryMonitor.php(28): Illuminate\Pipeline\Pipeline-&gt;Illuminate\Pipeline\{closure}(Object(Illuminate\Http\Request))
#24 C:\Users\Youcef\Documents\Projet Khellil Youcef\edugest-dz\edugestdz\backend\vendor\laravel\framework\src\Illuminate\Pipeline\Pipeline.php(209): App\Http\Middleware\QueryMonitor-&gt;handle(Object(Illuminate\Http\Request), Object(Closure))
#25 C:\Users\Youcef\Documents\Projet Khellil Youcef\edugest-dz\edugestdz\backend\vendor\laravel\framework\src\Illuminate\Pipeline\Pipeline.php(127): Illuminate\Pipeline\Pipeline-&gt;Illuminate\Pipeline\{closure}(Object(Illuminate\Http\Request))
#26 C:\Users\Youcef\Documents\Projet Khellil Youcef\edugest-dz\edugestdz\backend\vendor\laravel\framework\src\Illuminate\Routing\Router.php(807): Illuminate\Pipeline\Pipeline-&gt;then(Object(Closure))
#27 C:\Users\Youcef\Documents\Projet Khellil Youcef\edugest-dz\edugestdz\backend\vendor\laravel\framework\src\Illuminate\Routing\Router.php(786): Illuminate\Routing\Router-&gt;runRouteWithinStack(Object(Illuminate\Routing\Route), Object(Illuminate\Http\Request))
#28 C:\Users\Youcef\Documents\Projet Khellil Youcef\edugest-dz\edugestdz\backend\vendor\laravel\framework\src\Illuminate\Routing\Router.php(750): Illuminate\Routing\Router-&gt;runRoute(Object(Illuminate\Http\Request), Object(Illuminate\Routing\Route))
#29 C:\Users\Youcef\Documents\Projet Khellil Youcef\edugest-dz\edugestdz\backend\vendor\laravel\framework\src\Illuminate\Routing\Router.php(739): Illuminate\Routing\Router-&gt;dispatchToRoute(Object(Illuminate\Http\Request))
#30 C:\Users\Youcef\Documents\Projet Khellil Youcef\edugest-dz\edugestdz\backend\vendor\laravel\framework\src\Illuminate\Foundation\Http\Kernel.php(201): Illuminate\Routing\Router-&gt;dispatch(Object(Illuminate\Http\Request))
#31 C:\Users\Youcef\Documents\Projet Khellil Youcef\edugest-dz\edugestdz\backend\vendor\laravel\framework\src\Illuminate\Pipeline\Pipeline.php(170): Illuminate\Foundation\Http\Kernel-&gt;Illuminate\Foundation\Http\{closure}(Object(Illuminate\Http\Request))
#32 C:\Users\Youcef\Documents\Projet Khellil Youcef\edugest-dz\edugestdz\backend\vendor\laravel\framework\src\Illuminate\Foundation\Http\Middleware\TransformsRequest.php(21): Illuminate\Pipeline\Pipeline-&gt;Illuminate\Pipeline\{closure}(Object(Illuminate\Http\Request))
#33 C:\Users\Youcef\Documents\Projet Khellil Youcef\edugest-dz\edugestdz\backend\vendor\laravel\framework\src\Illuminate\Foundation\Http\Middleware\ConvertEmptyStringsToNull.php(31): Illuminate\Foundation\Http\Middleware\TransformsRequest-&gt;handle(Object(Illuminate\Http\Request), Object(Closure))
#34 C:\Users\Youcef\Documents\Projet Khellil Youcef\edugest-dz\edugestdz\backend\vendor\laravel\framework\src\Illuminate\Pipeline\Pipeline.php(209): Illuminate\Foundation\Http\Middleware\ConvertEmptyStringsToNull-&gt;handle(Object(Illuminate\Http\Request), Object(Closure))
#35 C:\Users\Youcef\Documents\Projet Khellil Youcef\edugest-dz\edugestdz\backend\vendor\laravel\framework\src\Illuminate\Foundation\Http\Middleware\TransformsRequest.php(21): Illuminate\Pipeline\Pipeline-&gt;Illuminate\Pipeline\{closure}(Object(Illuminate\Http\Request))
#36 C:\Users\Youcef\Documents\Projet Khellil Youcef\edugest-dz\edugestdz\backend\vendor\laravel\framework\src\Illuminate\Foundation\Http\Middleware\TrimStrings.php(51): Illuminate\Foundation\Http\Middleware\TransformsRequest-&gt;handle(Object(Illuminate\Http\Request), Object(Closure))
#37 C:\Users\Youcef\Documents\Projet Khellil Youcef\edugest-dz\edugestdz\backend\vendor\laravel\framework\src\Illuminate\Pipeline\Pipeline.php(209): Illuminate\Foundation\Http\Middleware\TrimStrings-&gt;handle(Object(Illuminate\Http\Request), Object(Closure))
#38 C:\Users\Youcef\Documents\Projet Khellil Youcef\edugest-dz\edugestdz\backend\vendor\laravel\framework\src\Illuminate\Http\Middleware\ValidatePostSize.php(27): Illuminate\Pipeline\Pipeline-&gt;Illuminate\Pipeline\{closure}(Object(Illuminate\Http\Request))
#39 C:\Users\Youcef\Documents\Projet Khellil Youcef\edugest-dz\edugestdz\backend\vendor\laravel\framework\src\Illuminate\Pipeline\Pipeline.php(209): Illuminate\Http\Middleware\ValidatePostSize-&gt;handle(Object(Illuminate\Http\Request), Object(Closure))
#40 C:\Users\Youcef\Documents\Projet Khellil Youcef\edugest-dz\edugestdz\backend\vendor\laravel\framework\src\Illuminate\Foundation\Http\Middleware\PreventRequestsDuringMaintenance.php(110): Illuminate\Pipeline\Pipeline-&gt;Illuminate\Pipeline\{closure}(Object(Illuminate\Http\Request))
#41 C:\Users\Youcef\Documents\Projet Khellil Youcef\edugest-dz\edugestdz\backend\vendor\laravel\framework\src\Illuminate\Pipeline\Pipeline.php(209): Illuminate\Foundation\Http\Middleware\PreventRequestsDuringMaintenance-&gt;handle(Object(Illuminate\Http\Request), Object(Closure))
#42 C:\Users\Youcef\Documents\Projet Khellil Youcef\edugest-dz\edugestdz\backend\vendor\laravel\framework\src\Illuminate\Http\Middleware\HandleCors.php(62): Illuminate\Pipeline\Pipeline-&gt;Illuminate\Pipeline\{closure}(Object(Illuminate\Http\Request))
#43 C:\Users\Youcef\Documents\Projet Khellil Youcef\edugest-dz\edugestdz\backend\vendor\laravel\framework\src\Illuminate\Pipeline\Pipeline.php(209): Illuminate\Http\Middleware\HandleCors-&gt;handle(Object(Illuminate\Http\Request), Object(Closure))
#44 C:\Users\Youcef\Documents\Projet Khellil Youcef\edugest-dz\edugestdz\backend\vendor\laravel\framework\src\Illuminate\Http\Middleware\TrustProxies.php(58): Illuminate\Pipeline\Pipeline-&gt;Illuminate\Pipeline\{closure}(Object(Illuminate\Http\Request))
#45 C:\Users\Youcef\Documents\Projet Khellil Youcef\edugest-dz\edugestdz\backend\vendor\laravel\framework\src\Illuminate\Pipeline\Pipeline.php(209): Illuminate\Http\Middleware\TrustProxies-&gt;handle(Object(Illuminate\Http\Request), Object(Closure))
#46 C:\Users\Youcef\Documents\Projet Khellil Youcef\edugest-dz\edugestdz\backend\vendor\laravel\framework\src\Illuminate\Foundation\Http\Middleware\InvokeDeferredCallbacks.php(22): Illuminate\Pipeline\Pipeline-&gt;Illuminate\Pipeline\{closure}(Object(Illuminate\Http\Request))
#47 C:\Users\Youcef\Documents\Projet Khellil Youcef\edugest-dz\edugestdz\backend\vendor\laravel\framework\src\Illuminate\Pipeline\Pipeline.php(209): Illuminate\Foundation\Http\Middleware\InvokeDeferredCallbacks-&gt;handle(Object(Illuminate\Http\Request), Object(Closure))
#48 C:\Users\Youcef\Documents\Projet Khellil Youcef\edugest-dz\edugestdz\backend\vendor\laravel\framework\src\Illuminate\Pipeline\Pipeline.php(127): Illuminate\Pipeline\Pipeline-&gt;Illuminate\Pipeline\{closure}(Object(Illuminate\Http\Request))
#49 C:\Users\Youcef\Documents\Projet Khellil Youcef\edugest-dz\edugestdz\backend\vendor\laravel\framework\src\Illuminate\Foundation\Http\Kernel.php(176): Illuminate\Pipeline\Pipeline-&gt;then(Object(Closure))
#50 C:\Users\Youcef\Documents\Projet Khellil Youcef\edugest-dz\edugestdz\backend\vendor\laravel\framework\src\Illuminate\Foundation\Http\Kernel.php(145): Illuminate\Foundation\Http\Kernel-&gt;sendRequestThroughRouter(Object(Illuminate\Http\Request))
#51 C:\Users\Youcef\Documents\Projet Khellil Youcef\edugest-dz\edugestdz\backend\vendor\laravel\framework\src\Illuminate\Foundation\Testing\Concerns\MakesHttpRequests.php(607): Illuminate\Foundation\Http\Kernel-&gt;handle(Object(Illuminate\Http\Request))
#52 C:\Users\Youcef\Documents\Projet Khellil Youcef\edugest-dz\edugestdz\backend\vendor\laravel\framework\src\Illuminate\Foundation\Testing\Concerns\MakesHttpRequests.php(573): Illuminate\Foundation\Testing\TestCase-&gt;call('GET', '/api/v1/eleves?...', Array, Array, Array, Array, '[]')
#53 C:\Users\Youcef\Documents\Projet Khellil Youcef\edugest-dz\edugestdz\backend\vendor\laravel\framework\src\Illuminate\Foundation\Testing\Concerns\MakesHttpRequests.php(381): Illuminate\Foundation\Testing\TestCase-&gt;json('GET', '/api/v1/eleves?...', Array, Array, 0)
#54 C:\Users\Youcef\Documents\Projet Khellil Youcef\edugest-dz\edugestdz\backend\tests\Feature\Api\EleveTest.php(121): Illuminate\Foundation\Testing\TestCase-&gt;getJson('/api/v1/eleves?...')
#55 C:\Users\Youcef\Documents\Projet Khellil Youcef\edugest-dz\edugestdz\backend\vendor\phpunit\phpunit\src\Framework\TestCase.php(1667): Tests\Feature\Api\EleveTest-&gt;test_recherche_eleve()
#56 C:\Users\Youcef\Documents\Projet Khellil Youcef\edugest-dz\edugestdz\backend\vendor\phpunit\phpunit\src\Framework\TestCase.php(519): PHPUnit\Framework\TestCase-&gt;runTest()
#57 C:\Users\Youcef\Documents\Projet Khellil Youcef\edugest-dz\edugestdz\backend\vendor\phpunit\phpunit\src\Framework\TestRunner\TestRunner.php(87): PHPUnit\Framework\TestCase-&gt;runBare()
#58 C:\Users\Youcef\Documents\Projet Khellil Youcef\edugest-dz\edugestdz\backend\vendor\phpunit\phpunit\src\Framework\TestCase.php(365): PHPUnit\Framework\TestRunner-&gt;run(Object(Tests\Feature\Api\EleveTest))
#59 C:\Users\Youcef\Documents\Projet Khellil Youcef\edugest-dz\edugestdz\backend\vendor\phpunit\phpunit\src\Framework\TestSuite.php(369): PHPUnit\Framework\TestCase-&gt;run()
#60 C:\Users\Youcef\Documents\Projet Khellil Youcef\edugest-dz\edugestdz\backend\vendor\phpunit\phpunit\src\Framework\TestSuite.php(369): PHPUnit\Framework\TestSuite-&gt;run()
#61 C:\Users\Youcef\Documents\Projet Khellil Youcef\edugest-dz\edugestdz\backend\vendor\phpunit\phpunit\src\Framework\TestSuite.php(369): PHPUnit\Framework\TestSuite-&gt;run()
#62 C:\Users\Youcef\Documents\Projet Khellil Youcef\edugest-dz\edugestdz\backend\vendor\phpunit\phpunit\src\TextUI\TestRunner.php(64): PHPUnit\Framework\TestSuite-&gt;run()
#63 C:\Users\Youcef\Documents\Projet Khellil Youcef\edugest-dz\edugestdz\backend\vendor\phpunit\phpunit\src\TextUI\Application.php(211): PHPUnit\TextUI\TestRunner-&gt;run(Object(PHPUnit\TextUI\Configuration\Configuration), Object(PHPUnit\Runner\ResultCache\DefaultResultCache), Object(PHPUnit\Framework\TestSuite))
#64 C:\Users\Youcef\Documents\Projet Khellil Youcef\edugest-dz\edugestdz\backend\vendor\phpunit\phpunit\phpunit(104): PHPUnit\TextUI\Application-&gt;run(Array)
#65 C:\Users\Youcef\Documents\Projet Khellil Youcef\edugest-dz\edugestdz\backend\vendor\bin\phpunit(122): include('C:\\Users\\Youcef...')
#66 {main}

----------------------------------------------------------------------------------

SQLSTATE[HY000]: General error: 1 near "ILIKE": syntax error (Connection: sqlite, SQL: select count(*) as aggregate from "eleves" where ("nom" ILIKE %AMARI% or "prenom" ILIKE %AMARI% or "numero_inscription" ILIKE %AMARI%) and "eleves"."deleted_at" is null and "eleves"."tenant_id" = 2791edf6-4597-462d-b9d9-6358e8cdf13d)
&#13;
C:\Users\Youcef\Documents\Projet Khellil Youcef\edugest-dz\edugestdz\backend\vendor\laravel\framework\src\Illuminate\Testing\TestResponseAssert.php:45
C:\Users\Youcef\Documents\Projet Khellil Youcef\edugest-dz\edugestdz\backend\vendor\laravel\framework\src\Illuminate\Testing\TestResponse.php:160
C:\Users\Youcef\Documents\Projet Khellil Youcef\edugest-dz\edugestdz\backend\tests\Feature\Api\EleveTest.php:122</failure>
        </testcase>
        <testcase name="test_isolation_tenant" file="C:\Users\Youcef\Documents\Projet Khellil Youcef\edugest-dz\edugestdz\backend\tests\Feature\Api\EleveTest.php" line="126" class="Tests\Feature\Api\EleveTest" classname="Tests.Feature.Api.EleveTest" assertions="1" time="0.080193"/>
      </testsuite>
      <testsuite name="Tests\Feature\Api\EnseignantTest" file="C:\Users\Youcef\Documents\Projet Khellil Youcef\edugest-dz\edugestdz\backend\tests\Feature\Api\EnseignantTest.php" tests="9" assertions="23" errors="0" failures="0" skipped="0" time="0.604973">
        <testcase name="test_liste_enseignants" file="C:\Users\Youcef\Documents\Projet Khellil Youcef\edugest-dz\edugestdz\backend\tests\Feature\Api\EnseignantTest.php" line="31" class="Tests\Feature\Api\EnseignantTest" classname="Tests.Feature.Api.EnseignantTest" assertions="6" time="0.071783"/>
        <testcase name="test_creer_enseignant_valide" file="C:\Users\Youcef\Documents\Projet Khellil Youcef\edugest-dz\edugestdz\backend\tests\Feature\Api\EnseignantTest.php" line="42" class="Tests\Feature\Api\EnseignantTest" classname="Tests.Feature.Api.EnseignantTest" assertions="4" time="0.074765"/>
        <testcase name="test_validation_email_unique" file="C:\Users\Youcef\Documents\Projet Khellil Youcef\edugest-dz\edugestdz\backend\tests\Feature\Api\EnseignantTest.php" line="63" class="Tests\Feature\Api\EnseignantTest" classname="Tests.Feature.Api.EnseignantTest" assertions="1" time="0.064331"/>
        <testcase name="test_obtenir_enseignant_par_id" file="C:\Users\Youcef\Documents\Projet Khellil Youcef\edugest-dz\edugestdz\backend\tests\Feature\Api\EnseignantTest.php" line="82" class="Tests\Feature\Api\EnseignantTest" classname="Tests.Feature.Api.EnseignantTest" assertions="2" time="0.072411"/>
        <testcase name="test_modifier_enseignant" file="C:\Users\Youcef\Documents\Projet Khellil Youcef\edugest-dz\edugestdz\backend\tests\Feature\Api\EnseignantTest.php" line="92" class="Tests\Feature\Api\EnseignantTest" classname="Tests.Feature.Api.EnseignantTest" assertions="2" time="0.072268"/>
[...]
        <testcase name="test_liste_enseignants_filtree_par_tenant" file="C:\Users\Youcef\Documents\Projet Khellil Youcef\edugest-dz\edugestdz\backend\tests\Feature\Api\TenantIsolationTest.php" line="149" class="Tests\Feature\Api\TenantIsolationTest" classname="Tests.Feature.Api.TenantIsolationTest" assertions="2" time="0.076654"/>
        <testcase name="test_lecture_enseignant_autre_tenant_retourne_404" file="C:\Users\Youcef\Documents\Projet Khellil Youcef\edugest-dz\edugestdz\backend\tests\Feature\Api\TenantIsolationTest.php" line="161" class="Tests\Feature\Api\TenantIsolationTest" classname="Tests.Feature.Api.TenantIsolationTest" assertions="1" time="0.066565"/>
        <testcase name="test_liste_groupes_filtree_par_tenant" file="C:\Users\Youcef\Documents\Projet Khellil Youcef\edugest-dz\edugestdz\backend\tests\Feature\Api\TenantIsolationTest.php" line="175" class="Tests\Feature\Api\TenantIsolationTest" classname="Tests.Feature.Api.TenantIsolationTest" assertions="2" time="0.123836"/>
        <testcase name="test_lecture_paiement_autre_tenant_retourne_404" file="C:\Users\Youcef\Documents\Projet Khellil Youcef\edugest-dz\edugestdz\backend\tests\Feature\Api\TenantIsolationTest.php" line="193" class="Tests\Feature\Api\TenantIsolationTest" classname="Tests.Feature.Api.TenantIsolationTest" assertions="1" time="0.116999"/>
        <testcase name="test_modification_paiement_autre_tenant_retourne_404" file="C:\Users\Youcef\Documents\Projet Khellil Youcef\edugest-dz\edugestdz\backend\tests\Feature\Api\TenantIsolationTest.php" line="208" class="Tests\Feature\Api\TenantIsolationTest" classname="Tests.Feature.Api.TenantIsolationTest" assertions="2" time="0.093289"/>
        <testcase name="test_pdf_facture_autre_tenant_retourne_404" file="C:\Users\Youcef\Documents\Projet Khellil Youcef\edugest-dz\edugestdz\backend\tests\Feature\Api\TenantIsolationTest.php" line="233" class="Tests\Feature\Api\TenantIsolationTest" classname="Tests.Feature.Api.TenantIsolationTest" assertions="1" time="0.091134"/>
        <testcase name="test_admin_normal_ne_peut_pas_acceder_super_admin" file="C:\Users\Youcef\Documents\Projet Khellil Youcef\edugest-dz\edugestdz\backend\tests\Feature\Api\TenantIsolationTest.php" line="251" class="Tests\Feature\Api\TenantIsolationTest" classname="Tests.Feature.Api.TenantIsolationTest" assertions="1" time="0.071072"/>
        <testcase name="test_admin_normal_ne_peut_pas_voir_stats_globales" file="C:\Users\Youcef\Documents\Projet Khellil Youcef\edugest-dz\edugestdz\backend\tests\Feature\Api\TenantIsolationTest.php" line="259" class="Tests\Feature\Api\TenantIsolationTest" classname="Tests.Feature.Api.TenantIsolationTest" assertions="1" time="0.087990"/>
        <testcase name="test_impersonate_bloque_pour_admin_normal" file="C:\Users\Youcef\Documents\Projet Khellil Youcef\edugest-dz\edugestdz\backend\tests\Feature\Api\TenantIsolationTest.php" line="267" class="Tests\Feature\Api\TenantIsolationTest" classname="Tests.Feature.Api.TenantIsolationTest" assertions="1" time="0.085295"/>
        <testcase name="test_injection_tenant_id_dans_body_ignoree" file="C:\Users\Youcef\Documents\Projet Khellil Youcef\edugest-dz\edugestdz\backend\tests\Feature\Api\TenantIsolationTest.php" line="283" class="Tests\Feature\Api\TenantIsolationTest" classname="Tests.Feature.Api.TenantIsolationTest" assertions="3" time="0.076342"/>
        <testcase name="test_requete_sans_token_retourne_401" file="C:\Users\Youcef\Documents\Projet Khellil Youcef\edugest-dz\edugestdz\backend\tests\Feature\Api\TenantIsolationTest.php" line="313" class="Tests\Feature\Api\TenantIsolationTest" classname="Tests.Feature.Api.TenantIsolationTest" assertions="5" time="0.104069"/>
      </testsuite>
      <testsuite name="Tests\Feature\Api\TransportTest" file="C:\Users\Youcef\Documents\Projet Khellil Youcef\edugest-dz\edugestdz\backend\tests\Feature\Api\TransportTest.php" tests="13" assertions="42" errors="0" failures="0" skipped="0" time="1.151408">
        <testcase name="test_creer_circuit" file="C:\Users\Youcef\Documents\Projet Khellil Youcef\edugest-dz\edugestdz\backend\tests\Feature\Api\TransportTest.php" line="36" class="Tests\Feature\Api\TransportTest" classname="Tests.Feature.Api.TransportTest" assertions="3" time="0.078526"/>
        <testcase name="test_liste_circuits_par_tenant" file="C:\Users\Youcef\Documents\Projet Khellil Youcef\edugest-dz\edugestdz\backend\tests\Feature\Api\TransportTest.php" line="53" class="Tests\Feature\Api\TransportTest" classname="Tests.Feature.Api.TransportTest" assertions="2" time="0.101295"/>
        <testcase name="test_afficher_circuit_avec_arrets" file="C:\Users\Youcef\Documents\Projet Khellil Youcef\edugest-dz\edugestdz\backend\tests\Feature\Api\TransportTest.php" line="65" class="Tests\Feature\Api\TransportTest" classname="Tests.Feature.Api.TransportTest" assertions="6" time="0.127037"/>
        <testcase name="test_isolation_tenant_circuit" file="C:\Users\Youcef\Documents\Projet Khellil Youcef\edugest-dz\edugestdz\backend\tests\Feature\Api\TransportTest.php" line="75" class="Tests\Feature\Api\TransportTest" classname="Tests.Feature.Api.TransportTest" assertions="1" time="0.081384"/>
        <testcase name="test_supprimer_circuit_vide" file="C:\Users\Youcef\Documents\Projet Khellil Youcef\edugest-dz\edugestdz\backend\tests\Feature\Api\TransportTest.php" line="85" class="Tests\Feature\Api\TransportTest" classname="Tests.Feature.Api.TransportTest" assertions="2" time="0.097466"/>
        <testcase name="test_supprimer_circuit_avec_eleves_bloque" file="C:\Users\Youcef\Documents\Projet Khellil Youcef\edugest-dz\edugestdz\backend\tests\Feature\Api\TransportTest.php" line="96" class="Tests\Feature\Api\TransportTest" classname="Tests.Feature.Api.TransportTest" assertions="2" time="0.071647"/>
        <testcase name="test_ajouter_arret" file="C:\Users\Youcef\Documents\Projet Khellil Youcef\edugest-dz\edugestdz\backend\tests\Feature\Api\TransportTest.php" line="123" class="Tests\Feature\Api\TransportTest" classname="Tests.Feature.Api.TransportTest" assertions="2" time="0.062800"/>
        <testcase name="test_inscrire_eleve_dans_circuit" file="C:\Users\Youcef\Documents\Projet Khellil Youcef\edugest-dz\edugestdz\backend\tests\Feature\Api\TransportTest.php" line="139" class="Tests\Feature\Api\TransportTest" classname="Tests.Feature.Api.TransportTest" assertions="3" time="0.087545"/>
        <testcase name="test_double_inscription_bloquee" file="C:\Users\Youcef\Documents\Projet Khellil Youcef\edugest-dz\edugestdz\backend\tests\Feature\Api\TransportTest.php" line="172" class="Tests\Feature\Api\TransportTest" classname="Tests.Feature.Api.TransportTest" assertions="2" time="0.094661"/>
        <testcase name="test_circuit_complet_bloque" file="C:\Users\Youcef\Documents\Projet Khellil Youcef\edugest-dz\edugestdz\backend\tests\Feature\Api\TransportTest.php" line="198" class="Tests\Feature\Api\TransportTest" classname="Tests.Feature.Api.TransportTest" assertions="2" time="0.085225"/>
        <testcase name="test_pointer_eleves_bus" file="C:\Users\Youcef\Documents\Projet Khellil Youcef\edugest-dz\edugestdz\backend\tests\Feature\Api\TransportTest.php" line="228" class="Tests\Feature\Api\TransportTest" classname="Tests.Feature.Api.TransportTest" assertions="3" time="0.103359"/>
        <testcase name="test_pointage_jour_circuit" file="C:\Users\Youcef\Documents\Projet Khellil Youcef\edugest-dz\edugestdz\backend\tests\Feature\Api\TransportTest.php" line="257" class="Tests\Feature\Api\TransportTest" classname="Tests.Feature.Api.TransportTest" assertions="7" time="0.087738"/>
        <testcase name="test_dashboard_transport" file="C:\Users\Youcef\Documents\Projet Khellil Youcef\edugest-dz\edugestdz\backend\tests\Feature\Api\TransportTest.php" line="267" class="Tests\Feature\Api\TransportTest" classname="Tests.Feature.Api.TransportTest" assertions="7" time="0.072723"/>
      </testsuite>
      <testsuite name="Tests\Feature\Api\TwoFactorTest" file="C:\Users\Youcef\Documents\Projet Khellil Youcef\edugest-dz\edugestdz\backend\tests\Feature\Api\TwoFactorTest.php" tests="10" assertions="40" errors="0" failures="0" skipped="0" time="0.815759">
        <testcase name="test_enable_totp" file="C:\Users\Youcef\Documents\Projet Khellil Youcef\edugest-dz\edugestdz\backend\tests\Feature\Api\TwoFactorTest.php" line="36" class="Tests\Feature\Api\TwoFactorTest" classname="Tests.Feature.Api.TwoFactorTest" assertions="7" time="0.066996"/>
        <testcase name="test_confirm_totp" file="C:\Users\Youcef\Documents\Projet Khellil Youcef\edugest-dz\edugestdz\backend\tests\Feature\Api\TwoFactorTest.php" line="48" class="Tests\Feature\Api\TwoFactorTest" classname="Tests.Feature.Api.TwoFactorTest" assertions="3" time="0.088587"/>
        <testcase name="test_disable_2fa" file="C:\Users\Youcef\Documents\Projet Khellil Youcef\edugest-dz\edugestdz\backend\tests\Feature\Api\TwoFactorTest.php" line="70" class="Tests\Feature\Api\TwoFactorTest" classname="Tests.Feature.Api.TwoFactorTest" assertions="4" time="0.071481"/>
        <testcase name="test_login_requires_2fa" file="C:\Users\Youcef\Documents\Projet Khellil Youcef\edugest-dz\edugestdz\backend\tests\Feature\Api\TwoFactorTest.php" line="89" class="Tests\Feature\Api\TwoFactorTest" classname="Tests.Feature.Api.TwoFactorTest" assertions="5" time="0.068262"/>
        <testcase name="test_login_completes_2fa" file="C:\Users\Youcef\Documents\Projet Khellil Youcef\edugest-dz\edugestdz\backend\tests\Feature\Api\TwoFactorTest.php" line="107" class="Tests\Feature\Api\TwoFactorTest" classname="Tests.Feature.Api.TwoFactorTest" assertions="5" time="0.079273"/>
        <testcase name="test_recovery_code_login" file="C:\Users\Youcef\Documents\Projet Khellil Youcef\edugest-dz\edugestdz\backend\tests\Feature\Api\TwoFactorTest.php" line="138" class="Tests\Feature\Api\TwoFactorTest" classname="Tests.Feature.Api.TwoFactorTest" assertions="6" time="0.090209"/>
        <testcase name="test_lockout_after_5_failures" file="C:\Users\Youcef\Documents\Projet Khellil Youcef\edugest-dz\edugestdz\backend\tests\Feature\Api\TwoFactorTest.php" line="172" class="Tests\Feature\Api\TwoFactorTest" classname="Tests.Feature.Api.TwoFactorTest" assertions="3" time="0.097505"/>
        <testcase name="test_invalid_2fa_code" file="C:\Users\Youcef\Documents\Projet Khellil Youcef\edugest-dz\edugestdz\backend\tests\Feature\Api\TwoFactorTest.php" line="192" class="Tests\Feature\Api\TwoFactorTest" classname="Tests.Feature.Api.TwoFactorTest" assertions="2" time="0.076050"/>
        <testcase name="test_enable_sms" file="C:\Users\Youcef\Documents\Projet Khellil Youcef\edugest-dz\edugestdz\backend\tests\Feature\Api\TwoFactorTest.php" line="227" class="Tests\Feature\Api\TwoFactorTest" classname="Tests.Feature.Api.TwoFactorTest" assertions="3" time="0.087180"/>
        <testcase name="test_confirm_sms" file="C:\Users\Youcef\Documents\Projet Khellil Youcef\edugest-dz\edugestdz\backend\tests\Feature\Api\TwoFactorTest.php" line="245" class="Tests\Feature\Api\TwoFactorTest" classname="Tests.Feature.Api.TwoFactorTest" assertions="2" time="0.090217"/>
      </testsuite>
      <testsuite name="Tests\Feature\Api\WhatsAppWebhookTest" file="C:\Users\Youcef\Documents\Projet Khellil Youcef\edugest-dz\edugestdz\backend\tests\Feature\Api\WhatsAppWebhookTest.php" tests="6" assertions="10" errors="0" failures="0" skipped="0" time="0.460346">
        <testcase name="test_verify_with_correct_token_returns_challenge" file="C:\Users\Youcef\Documents\Projet Khellil Youcef\edugest-dz\edugestdz\backend\tests\Feature\Api\WhatsAppWebhookTest.php" line="10" class="Tests\Feature\Api\WhatsAppWebhookTest" classname="Tests.Feature.Api.WhatsAppWebhookTest" assertions="2" time="0.078267"/>
        <testcase name="test_verify_with_wrong_token_returns_403" file="C:\Users\Youcef\Documents\Projet Khellil Youcef\edugest-dz\edugestdz\backend\tests\Feature\Api\WhatsAppWebhookTest.php" line="22" class="Tests\Feature\Api\WhatsAppWebhookTest" classname="Tests.Feature.Api.WhatsAppWebhookTest" assertions="1" time="0.065112"/>
        <testcase name="test_verify_without_challenge_returns_403" file="C:\Users\Youcef\Documents\Projet Khellil Youcef\edugest-dz\edugestdz\backend\tests\Feature\Api\WhatsAppWebhookTest.php" line="33" class="Tests\Feature\Api\WhatsAppWebhookTest" classname="Tests.Feature.Api.WhatsAppWebhookTest" assertions="1" time="0.073025"/>
        <testcase name="test_handle_valid_payload_returns_200" file="C:\Users\Youcef\Documents\Projet Khellil Youcef\edugest-dz\edugestdz\backend\tests\Feature\Api\WhatsAppWebhookTest.php" line="43" class="Tests\Feature\Api\WhatsAppWebhookTest" classname="Tests.Feature.Api.WhatsAppWebhookTest" assertions="2" time="0.077643"/>
        <testcase name="test_handle_empty_payload_returns_200" file="C:\Users\Youcef\Documents\Projet Khellil Youcef\edugest-dz\edugestdz\backend\tests\Feature\Api\WhatsAppWebhookTest.php" line="72" class="Tests\Feature\Api\WhatsAppWebhookTest" classname="Tests.Feature.Api.WhatsAppWebhookTest" assertions="2" time="0.095042"/>
        <testcase name="test_handle_invalid_payload_returns_200" file="C:\Users\Youcef\Documents\Projet Khellil Youcef\edugest-dz\edugestdz\backend\tests\Feature\Api\WhatsAppWebhookTest.php" line="80" class="Tests\Feature\Api\WhatsAppWebhookTest" classname="Tests.Feature.Api.WhatsAppWebhookTest" assertions="2" time="0.071258"/>
      </testsuite>
      <testsuite name="Tests\Feature\CheckConfigCommandTest" file="C:\Users\Youcef\Documents\Projet Khellil Youcef\edugest-dz\edugestdz\backend\tests\Feature\CheckConfigCommandTest.php" tests="7" assertions="13" errors="0" failures="1" skipped="0" time="0.627928">
        <testcase name="test_command_exists_and_returns_status_code" file="C:\Users\Youcef\Documents\Projet Khellil Youcef\edugest-dz\edugestdz\backend\tests\Feature\CheckConfigCommandTest.php" line="10" class="Tests\Feature\CheckConfigCommandTest" classname="Tests.Feature.CheckConfigCommandTest" assertions="1" time="0.090463"/>
        <testcase name="test_command_output_contains_key_sections" file="C:\Users\Youcef\Documents\Projet Khellil Youcef\edugest-dz\edugestdz\backend\tests\Feature\CheckConfigCommandTest.php" line="16" class="Tests\Feature\CheckConfigCommandTest" classname="Tests.Feature.CheckConfigCommandTest" assertions="2" time="0.091496"/>
        <testcase name="test_command_detects_empty_app_key" file="C:\Users\Youcef\Documents\Projet Khellil Youcef\edugest-dz\edugestdz\backend\tests\Feature\CheckConfigCommandTest.php" line="26" class="Tests\Feature\CheckConfigCommandTest" classname="Tests.Feature.CheckConfigCommandTest" assertions="1" time="0.086406"/>
        <testcase name="test_command_detects_empty_jwt_secret" file="C:\Users\Youcef\Documents\Projet Khellil Youcef\edugest-dz\edugestdz\backend\tests\Feature\CheckConfigCommandTest.php" line="39" class="Tests\Feature\CheckConfigCommandTest" classname="Tests.Feature.CheckConfigCommandTest" assertions="1" time="0.083815"/>
        <testcase name="test_command_passes_with_valid_config" file="C:\Users\Youcef\Documents\Projet Khellil Youcef\edugest-dz\edugestdz\backend\tests\Feature\CheckConfigCommandTest.php" line="52" class="Tests\Feature\CheckConfigCommandTest" classname="Tests.Feature.CheckConfigCommandTest" assertions="2" time="0.100521">
          <failure type="PHPUnit\Framework\ExpectationFailedException">Tests\Feature\CheckConfigCommandTest::test_command_passes_with_valid_config&#13;
Failed asserting that '\r\n
  ╔═══ EduGest DZ — Rapport de Configuration .........................................................................  \r\n
\r\n
  ✓ Chiffrement Laravel ............................................................................ APP_KEY définie ✓  \r\n
  ✓ Signature JWT ............................................................................... JWT_SECRET définie ✓  \r\n
  ⚠ Driver BDD ...................................................................... Driver = sqlite (attendu: pgsql)  \r\n
  ✓ Redis ..................................................................................... redis://127.0.0.1:6379  \r\n
  ✓ Cache ........................................................................................ CACHE_STORE = redis  \r\n
  ✓ Fuseau horaire .................................................................................... Africa/Algiers  \r\n
  ✓ Cache ........................................................................................ CACHE_STORE = redis  \r\n
  ✓ Sécurité ............................................................................ APP_DEBUG=true (env testing)  \r\n
  ✓ Email ...................................................................................... De: test@edugestdz.dz  \r\n
  ✓ Queue ............................................................................................. default = sync  \r\n
\r\n
\r\n
  ═══ Résumé ............................................................ 9 ok · 1 warnings · 0 erreurs · 0 optionnels  \r\n
\n
   WARN  Des avertissements sont présents — vérifiez les points jaunes.  \n\r
\n
' [UTF-8](length: 1602) contains "Configuration valide" [ASCII](length: 20).
&#13;
C:\Users\Youcef\Documents\Projet Khellil Youcef\edugest-dz\edugestdz\backend\tests\Feature\CheckConfigCommandTest.php:66</failure>
        </testcase>
        <testcase name="test_command_fails_when_app_key_is_short" file="C:\Users\Youcef\Documents\Projet Khellil Youcef\edugest-dz\edugestdz\backend\tests\Feature\CheckConfigCommandTest.php" line="69" class="Tests\Feature\CheckConfigCommandTest" classname="Tests.Feature.CheckConfigCommandTest" assertions="2" time="0.089573"/>
        <testcase name="test_secrets_only_flag_skips_optional_services" file="C:\Users\Youcef\Documents\Projet Khellil Youcef\edugest-dz\edugestdz\backend\tests\Feature\CheckConfigCommandTest.php" line="83" class="Tests\Feature\CheckConfigCommandTest" classname="Tests.Feature.CheckConfigCommandTest" assertions="4" time="0.085653"/>
      </testsuite>
      <testsuite name="Tests\Feature\ExampleTest" file="C:\Users\Youcef\Documents\Projet Khellil Youcef\edugest-dz\edugestdz\backend\tests\Feature\ExampleTest.php" tests="1" assertions="1" errors="0" failures="0" skipped="0" time="0.082301">
        <testcase name="test_the_application_returns_a_successful_response" file="C:\Users\Youcef\Documents\Projet Khellil Youcef\edugest-dz\edugestdz\backend\tests\Feature\ExampleTest.php" line="13" class="Tests\Feature\ExampleTest" classname="Tests.Feature.ExampleTest" assertions="1" time="0.082301"/>
      </testsuite>
      <testsuite name="Tests\Feature\SwaggerTest" file="C:\Users\Youcef\Documents\Projet Khellil Youcef\edugest-dz\edugestdz\backend\tests\Feature\SwaggerTest.php" tests="3" assertions="13" errors="0" failures="0" skipped="0" time="0.191655">
        <testcase name="test_swagger_json_exists_and_is_valid" file="C:\Users\Youcef\Documents\Projet Khellil Youcef\edugest-dz\edugestdz\backend\tests\Feature\SwaggerTest.php" line="12" class="Tests\Feature\SwaggerTest" classname="Tests.Feature.SwaggerTest" assertions="5" time="0.065072"/>
        <testcase name="test_swagger_covers_critical_endpoints" file="C:\Users\Youcef\Documents\Projet Khellil Youcef\edugest-dz\edugestdz\backend\tests\Feature\SwaggerTest.php" line="32" class="Tests\Feature\SwaggerTest" classname="Tests.Feature.SwaggerTest" assertions="5" time="0.059126"/>
        <testcase name="test_swagger_defines_jwt_security" file="C:\Users\Youcef\Documents\Projet Khellil Youcef\edugest-dz\edugestdz\backend\tests\Feature\SwaggerTest.php" line="63" class="Tests\Feature\SwaggerTest" classname="Tests.Feature.SwaggerTest" assertions="3" time="0.067457"/>
      </testsuite>
    </testsuite>
  </testsuite>
</testsuites>
